## SLURM PROLOG ###############################################################
##    Job ID : 37577
##  Job Name : dask-worker
##  Nodelist : node1312
##      CPUs : 1
##  Mem/Node : 19456 MB
## Directory : /gpfs/home/ntolley/Jones_Lab/sbi_hnn_github/code/beta
##   Started : Sun Jan 10 16:41:58 EST 2021
###############################################################################
distributed.nanny - INFO -         Start Nanny at: 'tcp://172.20.209.12:34955'
distributed.worker - INFO -       Start worker at:  tcp://172.20.209.12:40250
distributed.worker - INFO -          Listening to:  tcp://172.20.209.12:40250
distributed.worker - INFO -          dashboard at:        172.20.209.12:34634
distributed.worker - INFO - Waiting to connect to:   tcp://172.20.209.5:42989
distributed.worker - INFO - -------------------------------------------------
distributed.worker - INFO -               Threads:                          8
distributed.worker - INFO -                Memory:                   20.00 GB
distributed.worker - INFO -       Local Directory: /gpfs/home/ntolley/Jones_Lab/sbi_hnn_github/code/beta/dask-worker-space/dask-worker-space/worker-hnht7gow
distributed.worker - INFO - -------------------------------------------------
distributed.worker - INFO -         Registered to:   tcp://172.20.209.5:42989
distributed.worker - INFO - -------------------------------------------------
distributed.core - INFO - Starting established connection
Warning: no DISPLAY environment variable.
--No graphics will be displayed.
distributed.core - INFO - Event loop was unresponsive in Worker for 3.33s.  This is often caused by long-running GIL-holding functions or moving large chunks of data. This can cause timeouts and instability.
distributed.core - INFO - Event loop was unresponsive in Worker for 3.37s.  This is often caused by long-running GIL-holding functions or moving large chunks of data. This can cause timeouts and instability.
/users/ntolley/anaconda/sbi/lib/python3.7/site-packages/hnn_core/pyramidal.py:622: RuntimeWarning: overflow encountered in exp
  seg.gbar_ar = 1e-6 * np.exp(3e-3 * h.distance(seg.x))
distributed.worker - WARNING -  Compute Failed
Function:  execute_task
args:      ((<function run_simulator at 0x7ffaaaad90e0>, tensor([7.9204e+04, 2.3795e+02, 1.4219e+01, 1.3437e+01, 4.0648e-05, 1.4199e-05,
        2.5279e+02, 2.8082e+01, 1.8526e+01, 4.1967e-04, 3.7736e-04]), '/users/ntolley/Jones_Lab/sbi_hnn_github/data/beta/params/beta_param.param', (<class 'dict'>, [['dipole_scalefctr', (<class 'tuple'>, [60000, 200000])], ['t_evprox_1', (<class 'tuple'>, [225, 255])], ['sigma_t_evprox_1', (<class 'tuple'>, [10, 50])], ['numspikes_evprox_1', (<class 'tuple'>, [1, 20])], ['gbar_evprox_1_L2Pyr_ampa', (<class 'tuple'>, [1e-06, 0.0005])], ['gbar_evprox_1_L5Pyr_ampa', (<class 'tuple'>, [1e-06, 0.0005])], ['t_evdist_1', (<class 'tuple'>, [235, 255])], ['sigma_t_evdist_1', (<class 'tuple'>, [5, 30])], ['numspikes_evdist_1', (<class 'tuple'>, [1, 20])], ['gbar_evdist_1_L2Pyr_ampa', (<class 'tuple'>, [1e-06, 0.0005])], ['gbar_evdist_1_L5Pyr_ampa', (<class 'tuple'>, [1e-06, 0.0005])]]), 53))
kwargs:    {}
Exception: AssertionError()

NEURON: gid 80 owned by 0 but no associated cell
 near line 0
 ^
        ParallelContext[0].gid_connect(80, ...)
distributed.worker - WARNING -  Compute Failed
Function:  execute_task
args:      ((<function run_simulator at 0x7ffaaaacab00>, tensor([1.5894e+05, 2.3405e+02, 1.9106e+01, 9.9267e+00, 2.2436e-04, 3.7708e-05,
        2.3834e+02, 1.1550e+01, 5.0714e+00, 8.3248e-05, 4.7193e-04]), '/users/ntolley/Jones_Lab/sbi_hnn_github/data/beta/params/beta_param.param', (<class 'dict'>, [['dipole_scalefctr', (<class 'tuple'>, [60000, 200000])], ['t_evprox_1', (<class 'tuple'>, [225, 255])], ['sigma_t_evprox_1', (<class 'tuple'>, [10, 50])], ['numspikes_evprox_1', (<class 'tuple'>, [1, 20])], ['gbar_evprox_1_L2Pyr_ampa', (<class 'tuple'>, [1e-06, 0.0005])], ['gbar_evprox_1_L5Pyr_ampa', (<class 'tuple'>, [1e-06, 0.0005])], ['t_evdist_1', (<class 'tuple'>, [235, 255])], ['sigma_t_evdist_1', (<class 'tuple'>, [5, 30])], ['numspikes_evdist_1', (<class 'tuple'>, [1, 20])], ['gbar_evdist_1_L2Pyr_ampa', (<class 'tuple'>, [1e-06, 0.0005])], ['gbar_evdist_1_L5Pyr_ampa', (<class 'tuple'>, [1e-06, 0.0005])]]), 28))
kwargs:    {}
Exception: RuntimeError('hoc error')

distributed.worker - WARNING -  Compute Failed
Function:  execute_task
args:      ((<function run_simulator at 0x7ffaaaad9290>, tensor([1.5491e+05, 2.4435e+02, 2.0277e+01, 1.7075e+00, 8.5807e-05, 9.2763e-05,
        2.4239e+02, 2.1681e+01, 3.0942e+00, 3.4551e-04, 4.3096e-04]), '/users/ntolley/Jones_Lab/sbi_hnn_github/data/beta/params/beta_param.param', (<class 'dict'>, [['dipole_scalefctr', (<class 'tuple'>, [60000, 200000])], ['t_evprox_1', (<class 'tuple'>, [225, 255])], ['sigma_t_evprox_1', (<class 'tuple'>, [10, 50])], ['numspikes_evprox_1', (<class 'tuple'>, [1, 20])], ['gbar_evprox_1_L2Pyr_ampa', (<class 'tuple'>, [1e-06, 0.0005])], ['gbar_evprox_1_L5Pyr_ampa', (<class 'tuple'>, [1e-06, 0.0005])], ['t_evdist_1', (<class 'tuple'>, [235, 255])], ['sigma_t_evdist_1', (<class 'tuple'>, [5, 30])], ['numspikes_evdist_1', (<class 'tuple'>, [1, 20])], ['gbar_evdist_1_L2Pyr_ampa', (<class 'tuple'>, [1e-06, 0.0005])], ['gbar_evdist_1_L5Pyr_ampa', (<class 'tuple'>, [1e-06, 0.0005])]]), 95))
kwargs:    {}
Exception: AssertionError()

distributed.worker - WARNING -  Compute Failed
Function:  execute_task
args:      ((<function run_simulator at 0x7ffaaaad9440>, tensor([1.0487e+05, 2.2834e+02, 4.1196e+01, 2.0182e+00, 2.1577e-04, 3.6589e-04,
        2.5476e+02, 8.7755e+00, 7.2168e+00, 1.7562e-04, 5.6364e-05]), '/users/ntolley/Jones_Lab/sbi_hnn_github/data/beta/params/beta_param.param', (<class 'dict'>, [['dipole_scalefctr', (<class 'tuple'>, [60000, 200000])], ['t_evprox_1', (<class 'tuple'>, [225, 255])], ['sigma_t_evprox_1', (<class 'tuple'>, [10, 50])], ['numspikes_evprox_1', (<class 'tuple'>, [1, 20])], ['gbar_evprox_1_L2Pyr_ampa', (<class 'tuple'>, [1e-06, 0.0005])], ['gbar_evprox_1_L5Pyr_ampa', (<class 'tuple'>, [1e-06, 0.0005])], ['t_evdist_1', (<class 'tuple'>, [235, 255])], ['sigma_t_evdist_1', (<class 'tuple'>, [5, 30])], ['numspikes_evdist_1', (<class 'tuple'>, [1, 20])], ['gbar_evdist_1_L2Pyr_ampa', (<class 'tuple'>, [1e-06, 0.0005])], ['gbar_evdist_1_L5Pyr_ampa', (<class 'tuple'>, [1e-06, 0.0005])]]), 38))
kwargs:    {}
Exception: AssertionError()

NEURON: gid 110 owned by 0 but no associated cell
 near line 0
 ^
        ParallelContext[0].gid_connect(110, ...)
NEURON: gid=122 has not been set on rank 0
 near line 0
 ^
        ParallelContext[0].cell(122, ...)
distributed.worker - WARNING -  Compute Failed
Function:  execute_task
args:      ((<function run_simulator at 0x7ffaaaaca9e0>, tensor([1.7224e+05, 2.4379e+02, 3.2178e+01, 1.3677e+01, 5.6793e-05, 4.5100e-05,
        2.4425e+02, 2.3771e+01, 1.9387e+01, 3.0500e-05, 2.5974e-05]), '/users/ntolley/Jones_Lab/sbi_hnn_github/data/beta/params/beta_param.param', (<class 'dict'>, [['dipole_scalefctr', (<class 'tuple'>, [60000, 200000])], ['t_evprox_1', (<class 'tuple'>, [225, 255])], ['sigma_t_evprox_1', (<class 'tuple'>, [10, 50])], ['numspikes_evprox_1', (<class 'tuple'>, [1, 20])], ['gbar_evprox_1_L2Pyr_ampa', (<class 'tuple'>, [1e-06, 0.0005])], ['gbar_evprox_1_L5Pyr_ampa', (<class 'tuple'>, [1e-06, 0.0005])], ['t_evdist_1', (<class 'tuple'>, [235, 255])], ['sigma_t_evdist_1', (<class 'tuple'>, [5, 30])], ['numspikes_evdist_1', (<class 'tuple'>, [1, 20])], ['gbar_evdist_1_L2Pyr_ampa', (<class 'tuple'>, [1e-06, 0.0005])], ['gbar_evdist_1_L5Pyr_ampa', (<class 'tuple'>, [1e-06, 0.0005])]]), 94))
kwargs:    {}
Exception: RuntimeError('hoc error')

distributed.worker - WARNING -  Compute Failed
Function:  execute_task
args:      ((<function run_simulator at 0x7ffaaaaca830>, tensor([1.9240e+05, 2.5421e+02, 4.9307e+01, 9.9379e+00, 3.7974e-04, 4.1581e-04,
        2.4999e+02, 1.0964e+01, 7.5714e+00, 3.6729e-04, 2.8051e-04]), '/users/ntolley/Jones_Lab/sbi_hnn_github/data/beta/params/beta_param.param', (<class 'dict'>, [['dipole_scalefctr', (<class 'tuple'>, [60000, 200000])], ['t_evprox_1', (<class 'tuple'>, [225, 255])], ['sigma_t_evprox_1', (<class 'tuple'>, [10, 50])], ['numspikes_evprox_1', (<class 'tuple'>, [1, 20])], ['gbar_evprox_1_L2Pyr_ampa', (<class 'tuple'>, [1e-06, 0.0005])], ['gbar_evprox_1_L5Pyr_ampa', (<class 'tuple'>, [1e-06, 0.0005])], ['t_evdist_1', (<class 'tuple'>, [235, 255])], ['sigma_t_evdist_1', (<class 'tuple'>, [5, 30])], ['numspikes_evdist_1', (<class 'tuple'>, [1, 20])], ['gbar_evdist_1_L2Pyr_ampa', (<class 'tuple'>, [1e-06, 0.0005])], ['gbar_evdist_1_L5Pyr_ampa', (<class 'tuple'>, [1e-06, 0.0005])]]), 9))
kwargs:    {}
Exception: RuntimeError('hoc error')

distributed.worker - WARNING -  Compute Failed
Function:  execute_task
args:      ((<function run_simulator at 0x7ffaaac9c9e0>, tensor([9.5449e+04, 2.2629e+02, 4.8160e+01, 4.6508e+00, 4.9200e-04, 1.3377e-04,
        2.4229e+02, 1.8165e+01, 1.7488e+01, 1.2609e-04, 3.2888e-04]), '/users/ntolley/Jones_Lab/sbi_hnn_github/data/beta/params/beta_param.param', (<class 'dict'>, [['dipole_scalefctr', (<class 'tuple'>, [60000, 200000])], ['t_evprox_1', (<class 'tuple'>, [225, 255])], ['sigma_t_evprox_1', (<class 'tuple'>, [10, 50])], ['numspikes_evprox_1', (<class 'tuple'>, [1, 20])], ['gbar_evprox_1_L2Pyr_ampa', (<class 'tuple'>, [1e-06, 0.0005])], ['gbar_evprox_1_L5Pyr_ampa', (<class 'tuple'>, [1e-06, 0.0005])], ['t_evdist_1', (<class 'tuple'>, [235, 255])], ['sigma_t_evdist_1', (<class 'tuple'>, [5, 30])], ['numspikes_evdist_1', (<class 'tuple'>, [1, 20])], ['gbar_evdist_1_L2Pyr_ampa', (<class 'tuple'>, [1e-06, 0.0005])], ['gbar_evdist_1_L5Pyr_ampa', (<class 'tuple'>, [1e-06, 0.0005])]]), 19))
kwargs:    {}
Exception: AssertionError()

distributed.core - INFO - Event loop was unresponsive in Worker for 24.35s.  This is often caused by long-running GIL-holding functions or moving large chunks of data. This can cause timeouts and instability.
distributed.core - INFO - Event loop was unresponsive in Worker for 3.42s.  This is often caused by long-running GIL-holding functions or moving large chunks of data. This can cause timeouts and instability.
distributed.worker - WARNING -  Compute Failed
Function:  execute_task
args:      ((<function run_simulator at 0x7ffaa9cfb440>, tensor([7.9204e+04, 2.3795e+02, 1.4219e+01, 1.3437e+01, 4.0648e-05, 1.4199e-05,
        2.5279e+02, 2.8082e+01, 1.8526e+01, 4.1967e-04, 3.7736e-04]), '/users/ntolley/Jones_Lab/sbi_hnn_github/data/beta/params/beta_param.param', (<class 'dict'>, [['dipole_scalefctr', (<class 'tuple'>, [60000, 200000])], ['t_evprox_1', (<class 'tuple'>, [225, 255])], ['sigma_t_evprox_1', (<class 'tuple'>, [10, 50])], ['numspikes_evprox_1', (<class 'tuple'>, [1, 20])], ['gbar_evprox_1_L2Pyr_ampa', (<class 'tuple'>, [1e-06, 0.0005])], ['gbar_evprox_1_L5Pyr_ampa', (<class 'tuple'>, [1e-06, 0.0005])], ['t_evdist_1', (<class 'tuple'>, [235, 255])], ['sigma_t_evdist_1', (<class 'tuple'>, [5, 30])], ['numspikes_evdist_1', (<class 'tuple'>, [1, 20])], ['gbar_evdist_1_L2Pyr_ampa', (<class 'tuple'>, [1e-06, 0.0005])], ['gbar_evdist_1_L5Pyr_ampa', (<class 'tuple'>, [1e-06, 0.0005])]]), 53))
kwargs:    {}
Exception: AssertionError()

NEURON: gid 45 owned by 0 but no associated cell
 near line 0
 ^
        ParallelContext[0].gid_connect(45, ...)
distributed.worker - WARNING -  Compute Failed
Function:  execute_task
args:      ((<function run_simulator at 0x7ffaa9cfb050>, tensor([1.5978e+05, 2.4784e+02, 3.0271e+01, 1.6645e+01, 1.5657e-04, 7.2871e-05,
        2.3787e+02, 6.2587e+00, 1.9647e+01, 2.3346e-04, 1.0374e-04]), '/users/ntolley/Jones_Lab/sbi_hnn_github/data/beta/params/beta_param.param', (<class 'dict'>, [['dipole_scalefctr', (<class 'tuple'>, [60000, 200000])], ['t_evprox_1', (<class 'tuple'>, [225, 255])], ['sigma_t_evprox_1', (<class 'tuple'>, [10, 50])], ['numspikes_evprox_1', (<class 'tuple'>, [1, 20])], ['gbar_evprox_1_L2Pyr_ampa', (<class 'tuple'>, [1e-06, 0.0005])], ['gbar_evprox_1_L5Pyr_ampa', (<class 'tuple'>, [1e-06, 0.0005])], ['t_evdist_1', (<class 'tuple'>, [235, 255])], ['sigma_t_evdist_1', (<class 'tuple'>, [5, 30])], ['numspikes_evdist_1', (<class 'tuple'>, [1, 20])], ['gbar_evdist_1_L2Pyr_ampa', (<class 'tuple'>, [1e-06, 0.0005])], ['gbar_evdist_1_L5Pyr_ampa', (<class 'tuple'>, [1e-06, 0.0005])]]), 42))
kwargs:    {}
Exception: RuntimeError('hoc error')

NEURON: gid=254 has not been set on rank 0
 near line 0
 ^
        ParallelContext[0].cell(254, ...)
distributed.worker - WARNING -  Compute Failed
Function:  execute_task
args:      ((<function run_simulator at 0x7ffaa9cfdcb0>, tensor([7.1190e+04, 2.3870e+02, 4.1223e+01, 1.2992e+01, 7.3936e-05, 2.3988e-05,
        2.4719e+02, 2.1084e+01, 1.3593e+01, 3.0522e-04, 1.4257e-04]), '/users/ntolley/Jones_Lab/sbi_hnn_github/data/beta/params/beta_param.param', (<class 'dict'>, [['dipole_scalefctr', (<class 'tuple'>, [60000, 200000])], ['t_evprox_1', (<class 'tuple'>, [225, 255])], ['sigma_t_evprox_1', (<class 'tuple'>, [10, 50])], ['numspikes_evprox_1', (<class 'tuple'>, [1, 20])], ['gbar_evprox_1_L2Pyr_ampa', (<class 'tuple'>, [1e-06, 0.0005])], ['gbar_evprox_1_L5Pyr_ampa', (<class 'tuple'>, [1e-06, 0.0005])], ['t_evdist_1', (<class 'tuple'>, [235, 255])], ['sigma_t_evdist_1', (<class 'tuple'>, [5, 30])], ['numspikes_evdist_1', (<class 'tuple'>, [1, 20])], ['gbar_evdist_1_L2Pyr_ampa', (<class 'tuple'>, [1e-06, 0.0005])], ['gbar_evdist_1_L5Pyr_ampa', (<class 'tuple'>, [1e-06, 0.0005])]]), 74))
kwargs:    {}
Exception: AssertionError()

distributed.worker - WARNING -  Compute Failed
Function:  execute_task
args:      ((<function run_simulator at 0x7ffaa9cfd050>, tensor([1.1147e+05, 2.2602e+02, 1.1086e+01, 3.4342e+00, 3.7012e-04, 1.1401e-04,
        2.4494e+02, 1.2379e+01, 1.2712e+01, 4.6499e-04, 3.1765e-04]), '/users/ntolley/Jones_Lab/sbi_hnn_github/data/beta/params/beta_param.param', (<class 'dict'>, [['dipole_scalefctr', (<class 'tuple'>, [60000, 200000])], ['t_evprox_1', (<class 'tuple'>, [225, 255])], ['sigma_t_evprox_1', (<class 'tuple'>, [10, 50])], ['numspikes_evprox_1', (<class 'tuple'>, [1, 20])], ['gbar_evprox_1_L2Pyr_ampa', (<class 'tuple'>, [1e-06, 0.0005])], ['gbar_evprox_1_L5Pyr_ampa', (<class 'tuple'>, [1e-06, 0.0005])], ['t_evdist_1', (<class 'tuple'>, [235, 255])], ['sigma_t_evdist_1', (<class 'tuple'>, [5, 30])], ['numspikes_evdist_1', (<class 'tuple'>, [1, 20])], ['gbar_evdist_1_L2Pyr_ampa', (<class 'tuple'>, [1e-06, 0.0005])], ['gbar_evdist_1_L5Pyr_ampa', (<class 'tuple'>, [1e-06, 0.0005])]]), 50))
kwargs:    {}
Exception: AssertionError()

NEURON: gid 88 owned by 0 but no associated cell
 near line 0
 ^
        ParallelContext[0].gid_connect(88, ...)
distributed.worker - WARNING -  Compute Failed
Function:  execute_task
args:      ((<function run_simulator at 0x7ffaa9cfb830>, tensor([1.4982e+05, 2.2708e+02, 1.4785e+01, 1.0488e+01, 3.5707e-05, 4.1244e-04,
        2.4976e+02, 2.5269e+01, 1.8127e+01, 2.7166e-04, 3.4798e-04]), '/users/ntolley/Jones_Lab/sbi_hnn_github/data/beta/params/beta_param.param', (<class 'dict'>, [['dipole_scalefctr', (<class 'tuple'>, [60000, 200000])], ['t_evprox_1', (<class 'tuple'>, [225, 255])], ['sigma_t_evprox_1', (<class 'tuple'>, [10, 50])], ['numspikes_evprox_1', (<class 'tuple'>, [1, 20])], ['gbar_evprox_1_L2Pyr_ampa', (<class 'tuple'>, [1e-06, 0.0005])], ['gbar_evprox_1_L5Pyr_ampa', (<class 'tuple'>, [1e-06, 0.0005])], ['t_evdist_1', (<class 'tuple'>, [235, 255])], ['sigma_t_evdist_1', (<class 'tuple'>, [5, 30])], ['numspikes_evdist_1', (<class 'tuple'>, [1, 20])], ['gbar_evdist_1_L2Pyr_ampa', (<class 'tuple'>, [1e-06, 0.0005])], ['gbar_evdist_1_L5Pyr_ampa', (<class 'tuple'>, [1e-06, 0.0005])]]), 16))
kwargs:    {}
Exception: RuntimeError('hoc error')

distributed.worker - WARNING -  Compute Failed
Function:  execute_task
args:      ((<function run_simulator at 0x7ffaa9cfb5f0>, tensor([1.7859e+05, 2.5191e+02, 1.7734e+01, 8.4947e+00, 1.2705e-05, 1.2418e-04,
        2.4394e+02, 2.6946e+01, 1.2574e+01, 3.0813e-04, 3.1922e-06]), '/users/ntolley/Jones_Lab/sbi_hnn_github/data/beta/params/beta_param.param', (<class 'dict'>, [['dipole_scalefctr', (<class 'tuple'>, [60000, 200000])], ['t_evprox_1', (<class 'tuple'>, [225, 255])], ['sigma_t_evprox_1', (<class 'tuple'>, [10, 50])], ['numspikes_evprox_1', (<class 'tuple'>, [1, 20])], ['gbar_evprox_1_L2Pyr_ampa', (<class 'tuple'>, [1e-06, 0.0005])], ['gbar_evprox_1_L5Pyr_ampa', (<class 'tuple'>, [1e-06, 0.0005])], ['t_evdist_1', (<class 'tuple'>, [235, 255])], ['sigma_t_evdist_1', (<class 'tuple'>, [5, 30])], ['numspikes_evdist_1', (<class 'tuple'>, [1, 20])], ['gbar_evdist_1_L2Pyr_ampa', (<class 'tuple'>, [1e-06, 0.0005])], ['gbar_evdist_1_L5Pyr_ampa', (<class 'tuple'>, [1e-06, 0.0005])]]), 93))
kwargs:    {}
Exception: RuntimeError('hoc error')

distributed.core - INFO - Event loop was unresponsive in Worker for 11.76s.  This is often caused by long-running GIL-holding functions or moving large chunks of data. This can cause timeouts and instability.
distributed.core - INFO - Event loop was unresponsive in Worker for 11.48s.  This is often caused by long-running GIL-holding functions or moving large chunks of data. This can cause timeouts and instability.
slurmstepd: error: *** JOB 37577 ON node1312 CANCELLED AT 2021-01-10T16:45:15 ***
