## SLURM PROLOG ###############################################################
##    Job ID : 37496
##  Job Name : dask-worker
##  Nodelist : node1111
##      CPUs : 1
##  Mem/Node : 19456 MB
## Directory : /gpfs/home/ntolley/Jones_Lab/sbi_hnn_github/code/beta
##   Started : Sun Jan 10 16:30:15 EST 2021
###############################################################################
distributed.nanny - INFO -         Start Nanny at: 'tcp://172.20.207.11:35153'
distributed.diskutils - INFO - Found stale lock file and directory '/gpfs/home/ntolley/Jones_Lab/sbi_hnn_github/code/beta/dask-worker-space/dask-worker-space/worker-_wjjn5et', purging
distributed.diskutils - ERROR - Failed to remove '/gpfs/home/ntolley/Jones_Lab/sbi_hnn_github/code/beta/dask-worker-space/dask-worker-space/worker-_wjjn5et' (failed in <built-in function rmdir>): [Errno 2] No such file or directory: '/gpfs/home/ntolley/Jones_Lab/sbi_hnn_github/code/beta/dask-worker-space/dask-worker-space/worker-_wjjn5et'
distributed.worker - INFO -       Start worker at:  tcp://172.20.207.11:38316
distributed.worker - INFO -          Listening to:  tcp://172.20.207.11:38316
distributed.worker - INFO -          dashboard at:        172.20.207.11:39276
distributed.worker - INFO - Waiting to connect to:   tcp://172.20.209.7:45342
distributed.worker - INFO - -------------------------------------------------
distributed.worker - INFO -               Threads:                          8
distributed.worker - INFO -                Memory:                   20.00 GB
distributed.worker - INFO -       Local Directory: /gpfs/home/ntolley/Jones_Lab/sbi_hnn_github/code/beta/dask-worker-space/dask-worker-space/worker-m8hcxxt2
distributed.worker - INFO - -------------------------------------------------
distributed.worker - INFO -         Registered to:   tcp://172.20.209.7:45342
distributed.worker - INFO - -------------------------------------------------
distributed.core - INFO - Starting established connection
Warning: no DISPLAY environment variable.
--No graphics will be displayed.
/users/ntolley/anaconda/sbi/lib/python3.7/site-packages/hnn_core/parallel_backends.py:240: UserWarning: mpi4py not installed. will run on single processor
  warn('mpi4py not installed. will run on single processor')
NEURON: gid 35 owned by 0 but no associated cell
 near line 0
 objref hoc_obj_[2]
                   ^
        ParallelContext[0].gid_connect(35, ...)
NEURON: gid=199 has not been set on rank 0
 near line 0
 ^
        ParallelContext[0].cell(199, ...)
distributed.worker - WARNING -  Compute Failed
Function:  execute_task
args:      ((<function run_simulator at 0x7fa7add8fcb0>, tensor([1.6303e+05, 2.3464e+02, 2.8650e+01, 6.8670e+00, 1.8110e-04, 5.2653e-05,
        2.5069e+02, 1.6134e+01, 8.1775e+00, 2.2448e-04, 3.0305e-04]), '/users/ntolley/Jones_Lab/sbi_hnn_github/data/beta/params/beta_param.param', (<class 'dict'>, [['dipole_scalefctr', (<class 'tuple'>, [60000, 200000])], ['t_evprox_1', (<class 'tuple'>, [225, 255])], ['sigma_t_evprox_1', (<class 'tuple'>, [10, 50])], ['numspikes_evprox_1', (<class 'tuple'>, [1, 20])], ['gbar_evprox_1_L2Pyr_ampa', (<class 'tuple'>, [1e-06, 0.0005])], ['gbar_evprox_1_L5Pyr_ampa', (<class 'tuple'>, [1e-06, 0.0005])], ['t_evdist_1', (<class 'tuple'>, [235, 255])], ['sigma_t_evdist_1', (<class 'tuple'>, [5, 30])], ['numspikes_evdist_1', (<class 'tuple'>, [1, 20])], ['gbar_evdist_1_L2Pyr_ampa', (<class 'tuple'>, [1e-06, 0.0005])], ['gbar_evdist_1_L5Pyr_ampa', (<class 'tuple'>, [1e-06, 0.0005])]]), 10))
kwargs:    {}
Exception: RuntimeError('hoc error')

distributed.worker - WARNING -  Compute Failed
Function:  execute_task
args:      ((<function run_simulator at 0x7fa7add9b0e0>, tensor([1.2206e+05, 2.3932e+02, 4.7796e+01, 1.9976e+01, 2.0370e-04, 3.5049e-04,
        2.4325e+02, 1.1827e+01, 4.3639e+00, 4.8196e-04, 1.9904e-04]), '/users/ntolley/Jones_Lab/sbi_hnn_github/data/beta/params/beta_param.param', (<class 'dict'>, [['dipole_scalefctr', (<class 'tuple'>, [60000, 200000])], ['t_evprox_1', (<class 'tuple'>, [225, 255])], ['sigma_t_evprox_1', (<class 'tuple'>, [10, 50])], ['numspikes_evprox_1', (<class 'tuple'>, [1, 20])], ['gbar_evprox_1_L2Pyr_ampa', (<class 'tuple'>, [1e-06, 0.0005])], ['gbar_evprox_1_L5Pyr_ampa', (<class 'tuple'>, [1e-06, 0.0005])], ['t_evdist_1', (<class 'tuple'>, [235, 255])], ['sigma_t_evdist_1', (<class 'tuple'>, [5, 30])], ['numspikes_evdist_1', (<class 'tuple'>, [1, 20])], ['gbar_evdist_1_L2Pyr_ampa', (<class 'tuple'>, [1e-06, 0.0005])], ['gbar_evdist_1_L5Pyr_ampa', (<class 'tuple'>, [1e-06, 0.0005])]]), 6))
kwargs:    {}
Exception: RuntimeError('hoc error')

NEURON: gid 65 owned by 0 but no associated cell
 near line 0
 ^
        ParallelContext[0].gid_connect(65, ...)
/users/ntolley/anaconda/sbi/lib/python3.7/site-packages/hnn_core/pyramidal.py:622: RuntimeWarning: overflow encountered in exp
  seg.gbar_ar = 1e-6 * np.exp(3e-3 * h.distance(seg.x))
NEURON: gid=221 has not been set on rank 0
 near line 0
 ^
        ParallelContext[0].cell(221, ...)
distributed.worker - WARNING -  Compute Failed
Function:  execute_task
args:      ((<function run_simulator at 0x7fa7addab4d0>, tensor([1.3718e+05, 2.5145e+02, 3.2610e+01, 1.6166e+01, 5.5186e-05, 3.7700e-04,
        2.5211e+02, 2.4680e+01, 1.1771e+01, 2.5356e-04, 2.8310e-04]), '/users/ntolley/Jones_Lab/sbi_hnn_github/data/beta/params/beta_param.param', (<class 'dict'>, [['dipole_scalefctr', (<class 'tuple'>, [60000, 200000])], ['t_evprox_1', (<class 'tuple'>, [225, 255])], ['sigma_t_evprox_1', (<class 'tuple'>, [10, 50])], ['numspikes_evprox_1', (<class 'tuple'>, [1, 20])], ['gbar_evprox_1_L2Pyr_ampa', (<class 'tuple'>, [1e-06, 0.0005])], ['gbar_evprox_1_L5Pyr_ampa', (<class 'tuple'>, [1e-06, 0.0005])], ['t_evdist_1', (<class 'tuple'>, [235, 255])], ['sigma_t_evdist_1', (<class 'tuple'>, [5, 30])], ['numspikes_evdist_1', (<class 'tuple'>, [1, 20])], ['gbar_evdist_1_L2Pyr_ampa', (<class 'tuple'>, [1e-06, 0.0005])], ['gbar_evdist_1_L5Pyr_ampa', (<class 'tuple'>, [1e-06, 0.0005])]]), 61))
kwargs:    {}
Exception: RuntimeError('hoc error')

distributed.worker - WARNING -  Compute Failed
Function:  execute_task
args:      ((<function run_simulator at 0x7fa7add9b200>, tensor([1.9796e+05, 2.4243e+02, 3.0442e+01, 9.9199e+00, 3.2433e-04, 4.1758e-04,
        2.5239e+02, 2.0980e+01, 1.1388e+01, 1.9679e-04, 2.7357e-04]), '/users/ntolley/Jones_Lab/sbi_hnn_github/data/beta/params/beta_param.param', (<class 'dict'>, [['dipole_scalefctr', (<class 'tuple'>, [60000, 200000])], ['t_evprox_1', (<class 'tuple'>, [225, 255])], ['sigma_t_evprox_1', (<class 'tuple'>, [10, 50])], ['numspikes_evprox_1', (<class 'tuple'>, [1, 20])], ['gbar_evprox_1_L2Pyr_ampa', (<class 'tuple'>, [1e-06, 0.0005])], ['gbar_evprox_1_L5Pyr_ampa', (<class 'tuple'>, [1e-06, 0.0005])], ['t_evdist_1', (<class 'tuple'>, [235, 255])], ['sigma_t_evdist_1', (<class 'tuple'>, [5, 30])], ['numspikes_evdist_1', (<class 'tuple'>, [1, 20])], ['gbar_evdist_1_L2Pyr_ampa', (<class 'tuple'>, [1e-06, 0.0005])], ['gbar_evdist_1_L5Pyr_ampa', (<class 'tuple'>, [1e-06, 0.0005])]]), 86))
kwargs:    {}
Exception: RuntimeError('hoc error')

distributed.worker - WARNING -  Compute Failed
Function:  execute_task
args:      ((<function run_simulator at 0x7fa7add9b3b0>, tensor([1.9862e+05, 2.2839e+02, 1.5213e+01, 4.7092e+00, 1.0776e-04, 2.9577e-04,
        2.5206e+02, 2.2561e+01, 1.9239e+01, 4.1281e-04, 4.2909e-04]), '/users/ntolley/Jones_Lab/sbi_hnn_github/data/beta/params/beta_param.param', (<class 'dict'>, [['dipole_scalefctr', (<class 'tuple'>, [60000, 200000])], ['t_evprox_1', (<class 'tuple'>, [225, 255])], ['sigma_t_evprox_1', (<class 'tuple'>, [10, 50])], ['numspikes_evprox_1', (<class 'tuple'>, [1, 20])], ['gbar_evprox_1_L2Pyr_ampa', (<class 'tuple'>, [1e-06, 0.0005])], ['gbar_evprox_1_L5Pyr_ampa', (<class 'tuple'>, [1e-06, 0.0005])], ['t_evdist_1', (<class 'tuple'>, [235, 255])], ['sigma_t_evdist_1', (<class 'tuple'>, [5, 30])], ['numspikes_evdist_1', (<class 'tuple'>, [1, 20])], ['gbar_evdist_1_L2Pyr_ampa', (<class 'tuple'>, [1e-06, 0.0005])], ['gbar_evdist_1_L5Pyr_ampa', (<class 'tuple'>, [1e-06, 0.0005])]]), 43))
kwargs:    {}
Exception: AssertionError()

NEURON: gid 132 owned by 0 but no associated cell
 near line 0
 ^
        ParallelContext[0].gid_connect(132, ...)
distributed.worker - WARNING -  Compute Failed
Function:  execute_task
args:      ((<function run_simulator at 0x7fa7addabd40>, tensor([1.2179e+05, 2.3755e+02, 4.6000e+01, 1.0324e+01, 4.6596e-04, 4.1483e-04,
        2.5036e+02, 2.9074e+01, 1.6808e+01, 4.3196e-04, 3.1738e-04]), '/users/ntolley/Jones_Lab/sbi_hnn_github/data/beta/params/beta_param.param', (<class 'dict'>, [['dipole_scalefctr', (<class 'tuple'>, [60000, 200000])], ['t_evprox_1', (<class 'tuple'>, [225, 255])], ['sigma_t_evprox_1', (<class 'tuple'>, [10, 50])], ['numspikes_evprox_1', (<class 'tuple'>, [1, 20])], ['gbar_evprox_1_L2Pyr_ampa', (<class 'tuple'>, [1e-06, 0.0005])], ['gbar_evprox_1_L5Pyr_ampa', (<class 'tuple'>, [1e-06, 0.0005])], ['t_evdist_1', (<class 'tuple'>, [235, 255])], ['sigma_t_evdist_1', (<class 'tuple'>, [5, 30])], ['numspikes_evdist_1', (<class 'tuple'>, [1, 20])], ['gbar_evdist_1_L2Pyr_ampa', (<class 'tuple'>, [1e-06, 0.0005])], ['gbar_evdist_1_L5Pyr_ampa', (<class 'tuple'>, [1e-06, 0.0005])]]), 16))
kwargs:    {}
Exception: RuntimeError('hoc error')

NEURON: gid=233 has not been set on rank 0
 near line 0
 ^
        ParallelContext[0].cell(233, ...)
distributed.worker - WARNING -  Compute Failed
Function:  execute_task
args:      ((<function run_simulator at 0x7fa7addab170>, tensor([1.8837e+05, 2.3817e+02, 2.5480e+01, 1.9457e+01, 1.8800e-04, 4.6599e-04,
        2.4726e+02, 1.2893e+01, 1.2297e+01, 3.4052e-04, 1.3633e-04]), '/users/ntolley/Jones_Lab/sbi_hnn_github/data/beta/params/beta_param.param', (<class 'dict'>, [['dipole_scalefctr', (<class 'tuple'>, [60000, 200000])], ['t_evprox_1', (<class 'tuple'>, [225, 255])], ['sigma_t_evprox_1', (<class 'tuple'>, [10, 50])], ['numspikes_evprox_1', (<class 'tuple'>, [1, 20])], ['gbar_evprox_1_L2Pyr_ampa', (<class 'tuple'>, [1e-06, 0.0005])], ['gbar_evprox_1_L5Pyr_ampa', (<class 'tuple'>, [1e-06, 0.0005])], ['t_evdist_1', (<class 'tuple'>, [235, 255])], ['sigma_t_evdist_1', (<class 'tuple'>, [5, 30])], ['numspikes_evdist_1', (<class 'tuple'>, [1, 20])], ['gbar_evdist_1_L2Pyr_ampa', (<class 'tuple'>, [1e-06, 0.0005])], ['gbar_evdist_1_L5Pyr_ampa', (<class 'tuple'>, [1e-06, 0.0005])]]), 60))
kwargs:    {}
Exception: RuntimeError('hoc error')

distributed.core - INFO - Event loop was unresponsive in Worker for 6.00s.  This is often caused by long-running GIL-holding functions or moving large chunks of data. This can cause timeouts and instability.
distributed.worker - WARNING -  Compute Failed
Function:  execute_task
args:      ((<function run_simulator at 0x7fa7addabb00>, tensor([1.4654e+05, 2.5268e+02, 3.0544e+01, 9.0498e+00, 1.4536e-04, 4.3379e-04,
        2.5104e+02, 2.4685e+01, 5.9328e+00, 3.5116e-04, 3.8522e-04]), '/users/ntolley/Jones_Lab/sbi_hnn_github/data/beta/params/beta_param.param', (<class 'dict'>, [['dipole_scalefctr', (<class 'tuple'>, [60000, 200000])], ['t_evprox_1', (<class 'tuple'>, [225, 255])], ['sigma_t_evprox_1', (<class 'tuple'>, [10, 50])], ['numspikes_evprox_1', (<class 'tuple'>, [1, 20])], ['gbar_evprox_1_L2Pyr_ampa', (<class 'tuple'>, [1e-06, 0.0005])], ['gbar_evprox_1_L5Pyr_ampa', (<class 'tuple'>, [1e-06, 0.0005])], ['t_evdist_1', (<class 'tuple'>, [235, 255])], ['sigma_t_evdist_1', (<class 'tuple'>, [5, 30])], ['numspikes_evdist_1', (<class 'tuple'>, [1, 20])], ['gbar_evdist_1_L2Pyr_ampa', (<class 'tuple'>, [1e-06, 0.0005])], ['gbar_evdist_1_L5Pyr_ampa', (<class 'tuple'>, [1e-06, 0.0005])]]), 17))
kwargs:    {}
Exception: NameError("name 'dpl' is not defined")

NEURON: gid 63 owned by 0 but no associated cell
 near line 0
 ^
        ParallelContext[0].gid_connect(63, ...)
distributed.worker - WARNING -  Compute Failed
Function:  execute_task
args:      ((<function run_simulator at 0x7fa7abf6c9e0>, tensor([1.6874e+05, 2.4397e+02, 3.3314e+01, 1.9743e+00, 4.6070e-04, 2.9261e-04,
        2.5486e+02, 1.1326e+01, 4.3076e+00, 4.1359e-04, 4.9173e-04]), '/users/ntolley/Jones_Lab/sbi_hnn_github/data/beta/params/beta_param.param', (<class 'dict'>, [['dipole_scalefctr', (<class 'tuple'>, [60000, 200000])], ['t_evprox_1', (<class 'tuple'>, [225, 255])], ['sigma_t_evprox_1', (<class 'tuple'>, [10, 50])], ['numspikes_evprox_1', (<class 'tuple'>, [1, 20])], ['gbar_evprox_1_L2Pyr_ampa', (<class 'tuple'>, [1e-06, 0.0005])], ['gbar_evprox_1_L5Pyr_ampa', (<class 'tuple'>, [1e-06, 0.0005])], ['t_evdist_1', (<class 'tuple'>, [235, 255])], ['sigma_t_evdist_1', (<class 'tuple'>, [5, 30])], ['numspikes_evdist_1', (<class 'tuple'>, [1, 20])], ['gbar_evdist_1_L2Pyr_ampa', (<class 'tuple'>, [1e-06, 0.0005])], ['gbar_evdist_1_L5Pyr_ampa', (<class 'tuple'>, [1e-06, 0.0005])]]), 39))
kwargs:    {}
Exception: RuntimeError('hoc error')

NEURON: gid=257 has not been set on rank 0
 near line 0
 ^
        ParallelContext[0].cell(257, ...)
NEURON: gid=256 has not been set on rank 0
 near line 0
 ^
        ParallelContext[0].cell(256, ...)
distributed.worker - WARNING -  Compute Failed
Function:  execute_task
args:      ((<function run_simulator at 0x7fa7abf6cc20>, tensor([8.0227e+04, 2.3063e+02, 3.8644e+01, 1.4815e+01, 2.5035e-04, 3.7729e-04,
        2.5145e+02, 2.1831e+01, 1.3964e+01, 9.1824e-05, 2.0444e-04]), '/users/ntolley/Jones_Lab/sbi_hnn_github/data/beta/params/beta_param.param', (<class 'dict'>, [['dipole_scalefctr', (<class 'tuple'>, [60000, 200000])], ['t_evprox_1', (<class 'tuple'>, [225, 255])], ['sigma_t_evprox_1', (<class 'tuple'>, [10, 50])], ['numspikes_evprox_1', (<class 'tuple'>, [1, 20])], ['gbar_evprox_1_L2Pyr_ampa', (<class 'tuple'>, [1e-06, 0.0005])], ['gbar_evprox_1_L5Pyr_ampa', (<class 'tuple'>, [1e-06, 0.0005])], ['t_evdist_1', (<class 'tuple'>, [235, 255])], ['sigma_t_evdist_1', (<class 'tuple'>, [5, 30])], ['numspikes_evdist_1', (<class 'tuple'>, [1, 20])], ['gbar_evdist_1_L2Pyr_ampa', (<class 'tuple'>, [1e-06, 0.0005])], ['gbar_evdist_1_L5Pyr_ampa', (<class 'tuple'>, [1e-06, 0.0005])]]), 21))
kwargs:    {}
Exception: RuntimeError('hoc error')

NEURON: gid=89 has not been set on rank 0
 near line 0
 ^
        ParallelContext[0].cell(89, ...)
distributed.worker - WARNING -  Compute Failed
Function:  execute_task
args:      ((<function run_simulator at 0x7fa7abf6c0e0>, tensor([1.9914e+05, 2.4244e+02, 2.9848e+01, 1.1835e+01, 4.7095e-04, 4.7241e-04,
        2.4875e+02, 2.9406e+01, 1.8491e+01, 4.9005e-04, 4.1849e-04]), '/users/ntolley/Jones_Lab/sbi_hnn_github/data/beta/params/beta_param.param', (<class 'dict'>, [['dipole_scalefctr', (<class 'tuple'>, [60000, 200000])], ['t_evprox_1', (<class 'tuple'>, [225, 255])], ['sigma_t_evprox_1', (<class 'tuple'>, [10, 50])], ['numspikes_evprox_1', (<class 'tuple'>, [1, 20])], ['gbar_evprox_1_L2Pyr_ampa', (<class 'tuple'>, [1e-06, 0.0005])], ['gbar_evprox_1_L5Pyr_ampa', (<class 'tuple'>, [1e-06, 0.0005])], ['t_evdist_1', (<class 'tuple'>, [235, 255])], ['sigma_t_evdist_1', (<class 'tuple'>, [5, 30])], ['numspikes_evdist_1', (<class 'tuple'>, [1, 20])], ['gbar_evdist_1_L2Pyr_ampa', (<class 'tuple'>, [1e-06, 0.0005])], ['gbar_evdist_1_L5Pyr_ampa', (<class 'tuple'>, [1e-06, 0.0005])]]), 4))
kwargs:    {}
Exception: RuntimeError('hoc error')

distributed.worker - WARNING -  Compute Failed
Function:  execute_task
args:      ((<function run_simulator at 0x7fa7abf6c560>, tensor([1.6249e+05, 2.4974e+02, 2.7401e+01, 3.0512e+00, 8.5133e-05, 1.4568e-04,
        2.3617e+02, 1.1887e+01, 1.9675e+01, 2.2214e-04, 1.6496e-05]), '/users/ntolley/Jones_Lab/sbi_hnn_github/data/beta/params/beta_param.param', (<class 'dict'>, [['dipole_scalefctr', (<class 'tuple'>, [60000, 200000])], ['t_evprox_1', (<class 'tuple'>, [225, 255])], ['sigma_t_evprox_1', (<class 'tuple'>, [10, 50])], ['numspikes_evprox_1', (<class 'tuple'>, [1, 20])], ['gbar_evprox_1_L2Pyr_ampa', (<class 'tuple'>, [1e-06, 0.0005])], ['gbar_evprox_1_L5Pyr_ampa', (<class 'tuple'>, [1e-06, 0.0005])], ['t_evdist_1', (<class 'tuple'>, [235, 255])], ['sigma_t_evdist_1', (<class 'tuple'>, [5, 30])], ['numspikes_evdist_1', (<class 'tuple'>, [1, 20])], ['gbar_evdist_1_L2Pyr_ampa', (<class 'tuple'>, [1e-06, 0.0005])], ['gbar_evdist_1_L5Pyr_ampa', (<class 'tuple'>, [1e-06, 0.0005])]]), 33))
kwargs:    {}
Exception: RuntimeError('hoc error')

distributed.worker - WARNING -  Compute Failed
Function:  execute_task
args:      ((<function run_simulator at 0x7fa7abf6c7a0>, tensor([1.5128e+05, 2.2973e+02, 1.5179e+01, 4.3227e+00, 2.8301e-04, 4.2952e-04,
        2.4348e+02, 6.8601e+00, 1.8463e+00, 4.2411e-05, 3.6655e-04]), '/users/ntolley/Jones_Lab/sbi_hnn_github/data/beta/params/beta_param.param', (<class 'dict'>, [['dipole_scalefctr', (<class 'tuple'>, [60000, 200000])], ['t_evprox_1', (<class 'tuple'>, [225, 255])], ['sigma_t_evprox_1', (<class 'tuple'>, [10, 50])], ['numspikes_evprox_1', (<class 'tuple'>, [1, 20])], ['gbar_evprox_1_L2Pyr_ampa', (<class 'tuple'>, [1e-06, 0.0005])], ['gbar_evprox_1_L5Pyr_ampa', (<class 'tuple'>, [1e-06, 0.0005])], ['t_evdist_1', (<class 'tuple'>, [235, 255])], ['sigma_t_evdist_1', (<class 'tuple'>, [5, 30])], ['numspikes_evdist_1', (<class 'tuple'>, [1, 20])], ['gbar_evdist_1_L2Pyr_ampa', (<class 'tuple'>, [1e-06, 0.0005])], ['gbar_evdist_1_L5Pyr_ampa', (<class 'tuple'>, [1e-06, 0.0005])]]), 66))
kwargs:    {}
Exception: AssertionError()

distributed.worker - WARNING -  Compute Failed
Function:  execute_task
args:      ((<function run_simulator at 0x7fa7abf6c440>, tensor([1.7937e+05, 2.4841e+02, 3.5011e+01, 8.2693e+00, 2.4418e-04, 1.2476e-04,
        2.3599e+02, 1.1529e+01, 2.9843e+00, 4.4712e-04, 4.8475e-04]), '/users/ntolley/Jones_Lab/sbi_hnn_github/data/beta/params/beta_param.param', (<class 'dict'>, [['dipole_scalefctr', (<class 'tuple'>, [60000, 200000])], ['t_evprox_1', (<class 'tuple'>, [225, 255])], ['sigma_t_evprox_1', (<class 'tuple'>, [10, 50])], ['numspikes_evprox_1', (<class 'tuple'>, [1, 20])], ['gbar_evprox_1_L2Pyr_ampa', (<class 'tuple'>, [1e-06, 0.0005])], ['gbar_evprox_1_L5Pyr_ampa', (<class 'tuple'>, [1e-06, 0.0005])], ['t_evdist_1', (<class 'tuple'>, [235, 255])], ['sigma_t_evdist_1', (<class 'tuple'>, [5, 30])], ['numspikes_evdist_1', (<class 'tuple'>, [1, 20])], ['gbar_evdist_1_L2Pyr_ampa', (<class 'tuple'>, [1e-06, 0.0005])], ['gbar_evdist_1_L5Pyr_ampa', (<class 'tuple'>, [1e-06, 0.0005])]]), 87))
kwargs:    {}
Exception: AssertionError()

NEURON: gid 181 owned by 0 but no associated cell
 near line 0
 ^
        ParallelContext[0].gid_connect(181, ...)
distributed.worker - WARNING -  Compute Failed
Function:  execute_task
args:      ((<function run_simulator at 0x7fa7abfd6ef0>, tensor([1.6107e+05, 2.4131e+02, 1.8386e+01, 1.4767e+01, 5.8571e-05, 4.2754e-05,
        2.5050e+02, 6.8626e+00, 1.6046e+01, 1.9867e-04, 3.4104e-05]), '/users/ntolley/Jones_Lab/sbi_hnn_github/data/beta/params/beta_param.param', (<class 'dict'>, [['dipole_scalefctr', (<class 'tuple'>, [60000, 200000])], ['t_evprox_1', (<class 'tuple'>, [225, 255])], ['sigma_t_evprox_1', (<class 'tuple'>, [10, 50])], ['numspikes_evprox_1', (<class 'tuple'>, [1, 20])], ['gbar_evprox_1_L2Pyr_ampa', (<class 'tuple'>, [1e-06, 0.0005])], ['gbar_evprox_1_L5Pyr_ampa', (<class 'tuple'>, [1e-06, 0.0005])], ['t_evdist_1', (<class 'tuple'>, [235, 255])], ['sigma_t_evdist_1', (<class 'tuple'>, [5, 30])], ['numspikes_evdist_1', (<class 'tuple'>, [1, 20])], ['gbar_evdist_1_L2Pyr_ampa', (<class 'tuple'>, [1e-06, 0.0005])], ['gbar_evdist_1_L5Pyr_ampa', (<class 'tuple'>, [1e-06, 0.0005])]]), 64))
kwargs:    {}
Exception: RuntimeError('hoc error')

distributed.utils_perf - INFO - full garbage collection released 23.65 MB from 32816 reference cycles (threshold: 10.00 MB)
slurmstepd: error: *** JOB 37496 ON node1111 CANCELLED AT 2021-01-10T16:31:00 ***
