## SLURM PROLOG ###############################################################
##    Job ID : 100334
##  Job Name : dask-worker
##  Nodelist : node1325
##      CPUs : 1
##  Mem/Node : 10240 MB
## Directory : /gpfs/home/ntolley/Jones_Lab/sbi_hnn_github/code/beta
##   Started : Mon Jan 11 18:08:57 EST 2021
###############################################################################
distributed.nanny - INFO -         Start Nanny at: 'tcp://172.20.209.25:45032'
distributed.worker - INFO -       Start worker at:  tcp://172.20.209.25:35321
distributed.worker - INFO -          Listening to:  tcp://172.20.209.25:35321
distributed.worker - INFO -          dashboard at:        172.20.209.25:45589
distributed.worker - INFO - Waiting to connect to:  tcp://172.20.207.51:41757
distributed.worker - INFO - -------------------------------------------------
distributed.worker - INFO -               Threads:                          8
distributed.worker - INFO -                Memory:                   10.00 GB
distributed.worker - INFO -       Local Directory: /gpfs/home/ntolley/Jones_Lab/sbi_hnn_github/code/beta/dask-worker-space/dask-worker-space/worker-yqm3pz4l
distributed.worker - INFO - -------------------------------------------------
distributed.worker - INFO -         Registered to:  tcp://172.20.207.51:41757
distributed.worker - INFO - -------------------------------------------------
distributed.core - INFO - Starting established connection
Warning: no DISPLAY environment variable.
--No graphics will be displayed.
NEURON: The user defined name already exists: ar
 near line 0
 objref hoc_obj_[2]
                   ^
        nrn_load_dll("/users/nto...")
distributed.worker - WARNING -  Compute Failed
Function:  execute_task
args:      ((<function run_simulator at 0x7fea5b52a0e0>, tensor([1.9806e+05, 2.4882e+02, 1.6130e+01, 8.8566e+00, 2.0146e-04, 2.9506e-04,
        2.4650e+02, 1.4573e+01, 9.0825e+00, 3.9630e-04, 1.9228e-04]), '/users/ntolley/Jones_Lab/sbi_hnn_github/data/beta/params/beta_param.param', (<class 'dict'>, [['dipole_scalefctr', (<class 'tuple'>, [60000, 200000])], ['t_evprox_1', (<class 'tuple'>, [225, 255])], ['sigma_t_evprox_1', (<class 'tuple'>, [10, 50])], ['numspikes_evprox_1', (<class 'tuple'>, [1, 20])], ['gbar_evprox_1_L2Pyr_ampa', (<class 'tuple'>, [1e-06, 0.0005])], ['gbar_evprox_1_L5Pyr_ampa', (<class 'tuple'>, [1e-06, 0.0005])], ['t_evdist_1', (<class 'tuple'>, [235, 255])], ['sigma_t_evdist_1', (<class 'tuple'>, [5, 30])], ['numspikes_evdist_1', (<class 'tuple'>, [1, 20])], ['gbar_evdist_1_L2Pyr_ampa', (<class 'tuple'>, [1e-06, 0.0005])], ['gbar_evdist_1_L5Pyr_ampa', (<class 'tuple'>, [1e-06, 0.0005])]]), 5))
kwargs:    {}
Exception: RuntimeError('hoc error')

distributed.core - INFO - Event loop was unresponsive in Worker for 3.53s.  This is often caused by long-running GIL-holding functions or moving large chunks of data. This can cause timeouts and instability.
NEURON: gid 104 owned by 0 but no associated cell
 near line 0
 ^
        ParallelContext[0].gid_connect(104, ...)
distributed.worker - WARNING -  Compute Failed
Function:  execute_task
args:      ((<function run_simulator at 0x7fea59d51a70>, tensor([1.0707e+05, 2.3335e+02, 1.4921e+01, 5.6867e+00, 7.2747e-05, 2.7643e-04,
        2.5234e+02, 2.2215e+01, 5.3355e+00, 3.3078e-04, 1.2150e-04]), '/users/ntolley/Jones_Lab/sbi_hnn_github/data/beta/params/beta_param.param', (<class 'dict'>, [['dipole_scalefctr', (<class 'tuple'>, [60000, 200000])], ['t_evprox_1', (<class 'tuple'>, [225, 255])], ['sigma_t_evprox_1', (<class 'tuple'>, [10, 50])], ['numspikes_evprox_1', (<class 'tuple'>, [1, 20])], ['gbar_evprox_1_L2Pyr_ampa', (<class 'tuple'>, [1e-06, 0.0005])], ['gbar_evprox_1_L5Pyr_ampa', (<class 'tuple'>, [1e-06, 0.0005])], ['t_evdist_1', (<class 'tuple'>, [235, 255])], ['sigma_t_evdist_1', (<class 'tuple'>, [5, 30])], ['numspikes_evdist_1', (<class 'tuple'>, [1, 20])], ['gbar_evdist_1_L2Pyr_ampa', (<class 'tuple'>, [1e-06, 0.0005])], ['gbar_evdist_1_L5Pyr_ampa', (<class 'tuple'>, [1e-06, 0.0005])]]), 8))
kwargs:    {}
Exception: RuntimeError('hoc error')

slurmstepd: error: *** JOB 100334 ON node1325 CANCELLED AT 2021-01-11T18:12:14 ***
