distributed.nanny - INFO -         Start Nanny at: 'tcp://198.202.103.222:34923'
distributed.worker - INFO -       Start worker at: tcp://198.202.103.222:36899
distributed.worker - INFO -          Listening to: tcp://198.202.103.222:36899
distributed.worker - INFO -          dashboard at:      198.202.103.222:38617
distributed.worker - INFO - Waiting to connect to: tcp://198.202.103.253:38409
distributed.worker - INFO - -------------------------------------------------
distributed.worker - INFO -               Threads:                          1
distributed.worker - INFO -                Memory:                  100.00 GB
distributed.worker - INFO -       Local Directory: /home/ntolley/Jones_Lab/sbi_hnn_github/code/ERP/dask-worker-space/dask-worker-space/worker-vhm6dtjh
distributed.worker - INFO - -------------------------------------------------
distributed.worker - INFO -         Registered to: tcp://198.202.103.253:38409
distributed.worker - INFO - -------------------------------------------------
distributed.core - INFO - Starting established connection
distributed.protocol.pickle - INFO - Failed to deserialize b'\x80\x05\x95o\x00\x00\x00\x00\x00\x00\x00(\x8c\rsbi_functions\x94\x8c\rrun_simulator\x94\x93\x94\x8c\x0ctorch._utils\x94\x8c\x12_rebuild_tensor_v2\x94\x93\x94(\x8c\rtorch.storage\x94\x8c\x10_load_from_bytes\x94\x93\x94B\xbe(\t\x00\x80\x02\x8a\nl\xfc\x9cF\xf9 j\xa8P\x19.\x80\x02M\xe9\x03.\x80\x02}q\x00(X\x10\x00\x00\x00protocol_versionq\x01M\xe9\x03X\r\x00\x00\x00little_endianq\x02\x88X\n\x00\x00\x00type_sizesq\x03}q\x04(X\x05\x00\x00\x00shortq\x05K\x02X\x03\x00\x00\x00intq\x06K\x04X\x04\x00\x00\x00longq\x07K\x04uu.\x80\x02(X\x07\x00\x00\x00storageq\x00ctorch\nFloatStorage\nq\x01X\x0e\x00\x00\x0093825059126448q\x02X\x03\x00\x00\x00cpuq\x03J\xf0I\x02\x00Ntq\x04Q.\x80\x02]q\x00X\x0e\x00\x00\x0093825059126448q\x01a.\xf0I\x02\x00\x00\x00\x00\x00\xdd\xae\x86;\x9b\xce\xae;\x1a;\x88<\xddn\x82<\xd7c\x85:3\xa8\xcf<\xeb\x83\x9b;&\x98\x83;\x9f\x83\xb4=\xfa#\xa4=\x87\x8d:;$\x1c\xb6=3\x83+:nN\x13<G\xe2\x8b=\xc6\x9d\x1e<Nl\xfd;\xaa\xa7U=\x1a\xf6|<\xb3\xfe\xc4;\xdb/9=\xf6\xe0\x869\x94\xe5\x9c;\x9aBM;@\xfb\xba<S\xbe\x13<\x1cc\x9b=\x84R\xcf;\xa7\x04\xd8;\x17\xfb_=!\x13E;\x90\xbb\xcd;=\xd6\x03=\x9d\x04\x1b=dD_;iG\x9f=\xb8\x86;;M\xa0\x8f:\xa1\x13\x88=\x8b\xfc\x19==I\x95;\xf3p\xc3;\x80\xe1D;+\x8c\n;\x85\xc8\x9e=\xe6\xb8L;\xb3\x9d\x85;\x8a;a=OHW=)\xfc\x827:d\x8a=\x81\xe2\xac;~\xfb\xfe;:ul<\xab/\xcc=\x99m59\x9aM\x0f=\xf6<\x96;$\xe0\xa3;:\xdd\xb0=>*\x14<;\x1f\x04<\xf1\xbd\xa5=\xcf\xa8\x14=\xcd_\x0b;C.\xc3=\x80"\xa6:\xe1\x933;P\x90\xbc<=\xdd\xa8<\x19\xe2n;E\xeb\x16=<{\xb5;3\x14\xdd;#\xe1\x1f=\x1fQ\x939\\\xb9\x16;\xc4\xc2\x9d=_\x7ft=\xfd\x83\x1d<G\xf7\xc5=Eqb;]k\x18<r\xcbe="\xe1e=\x05`\xd0;\xe3\xa7\x91=K\x1a\x1f<7\xcb\x8c;@\xb2&=\x14!s:G\x0c\x8d:\x9f!)=\x1a\xc1i<R"B:\x93/\x9c=\xf4\xf6\xa6;\x82\xdf\x0c;r\xb3\xc4=\xfd\x19\xdb<\x9c\xbd#<\x8f\xa8\xca=\xb5!\xd4;"\xf8\xc7;\xe2A\xa3=Y\x13+;>]\xd4;\x87\xefe=f\xe7\x8b=R\x92"<\x10\xcc\xa3<\xb8\xd4\x15:G\x8a <+$\x14=\x93c\x96<\x07\xa8q;\x005\xf1:\x9e\xe5-;MC\xad:\x05\x9b\x17=\x0e8\xc7;\xca:\r;\xa7\x81\x8d;+\xff\xca=:x\x1d<ZB\xf1;\xfb\x10\xb9:\x19\x8e\x84:\x1b\xf7\xb9=\x82Bh=\xdd]\x1d<\xcb\x94\xc0={\xa7>:\x1e\x1c|;\xd3\x8e[=\x08\xb9\x1e<\xb8\x9e|8\xef\x84\r=\xf3\x1b\xb0=-\x14\xc9;m\xfc%=#\xdfx;\xd2\x93h;-\xc9O=\x01\x9f\xbc=pna:\xed&\xec<\xcf\xd4\xc5;@\xea\x1a;-:\xa9<\xf3\xcex;\xb0\xf9\xf3;OK]=\xea$Y=\xd9\x8a\x81;\x1ag\xa6;\x10^\xd8;R\xc2\xf7:\xa8\xe3|=/\x99,=h\xa3\x0e<32\xa0=\xce;\xe3;\x10\x85\xe3;\xfe\xb2\xc4=\x92\n\x7f;\\\x9dJ;G\x9d\xaa=\x15G\x13=\xe5]\x00<\xd9\xad\x87=\xdc\xc5r;j\xb4\x91;3ST<\xc7C\xde<\xaa\xcd\xa8;\xea\x0cZ=\xb8\x95\xe7;\xcd\x1b\xc0:-YU<3\xd04:=\xa3n;\xb7J\xc2<\xa0ZI=B\xc8\x1a;W\xcd\xea<\rX\x1a<\x8b\xa6\x00<m.\x0c=\x95\xc4\xb3=\x0f"\xde;w\x10\xfc<\xd7\x00Q:p\x96x;.\xa3\xc2=\xee4\x01<\xab\x85\x9b;\x13\x8d\x10=G\xb5\xba=d\xae\x01<\xd0\x92d=p\x8e`:\xa4\xbd\x13</\xe1\x8c=3\x1e\xaa:\x9d\xc9\x94;\x17\xd45=7\x96\x15<\xb5\xfb\xba;zu\xbe<\xe7\x00\x8f;0X\x1a<\xa7KC=%Y\xc4=\xcavm;\x83B\xe9<\xd5\x86\x02<\x8f\x17\x08:\xc0\x8a\xb6;ga\x17=R\x13 <\xbf\x16\x9d=\x15\x96\xf7;f\x8d\xcd:\x1d\xa0\x80=\x943\x8a:\x8b\x14\xc3;\xc2\xbf8=:\xaf\xa8=\xf6\xa8,8\x1a\xff\x1d=\xde~:;\xe7\xdc"<<\x93\xbb=\x1f\xef\xca=\x94\xc3\x81;U\xf5.=m\x0c\x9d;\x8a\xffV;\xe76b;\x7f\xd0"<*=\x1f<\x9a3\x17<\xbd\x9e\x96=\xb8\x1e\x908\x8dP\x01=\xab\xa1\xd8;\x14]\xe4;\xfd\x1eu=s\x8c\xb7=)\xda\xef9@\xa2\xc7;f\xb7\xb9:}+\x0c<\x83\xf8\xa7<\xadv\xa0;\xe6\x8f\x17<\x8dg\x07<\xb1_\xbd=\xaf\xda\x92;h\xb3U=\xdb\x8e\xf7;\xe0\xed\xb6;\xf5\xc8<=\x95/\x1d=\xc6H\x86;\xff ==\x1f\x93\x01;J\xab@;\xbf8\xbe=\x0eZ\x89;S\xc2\xd6;\x9a\xf8\x90;\xb91\xc6=G5O9\x00.0:&\xd5\xea;\x16\x81\x03<\xd3\x19\x80=g\x17|=\xb9\xcf\x07<g\x8a\x87:f\x80z:aD\x90:\xfaX\x0b<%j\xc7;Jbp;\x1e,\x97=\xf3\x94\x12<~\xe0\x07<\xd3\xfc\xc7<\xa2t\xab;\x14_b;R];=MA\x83;+v\xee;\x9a\xe7\x12:\x17\xe7\x13<\xf6\xdf\x0c<e\xc9a=.\x13\xc3;D\xa0\x12<\xd2V\xbd=\xaa_\x9b=T\xffO;a\xd3\xad=j\x84\x9b;\xf0o\xef;\xe6\xd1\xb6=\xc8r\x88=\xdc\x19s;3\x7f\x8f<\xc2\n\x10:8\xbb\x9d:\xf4\xc2\x87=\'U\x89;n\xf3\x8e;\xaa\x1fi=M\xfb\x93<\x94\xb9F;]\xd5C=\xdf\xa3\x87;2\x0f\x18</\xad\xa8=\x9a\x98\xbd:\xb26\xb5;/\xd9\xc9=\xae\xd5\x85;)s\x03;;\xb7o=\xe6)\x0e<d\x84I;\x1b\xaah=\xe7q\xa7<>B\xc1;\xd4f\xc7=\x12\xda\xcd;aC\x02<\xa3\x9d\xe4<\x83\xb4\xe1<\x18^\xf8;\xa1r\xb6=\xde\xcc\xb2;\xda\xbf\x1e<\xf7\xf9\xc2=\xf5\xb4`9\x12J\x1a<\x10\x00\x06=\r:\x90<\x14\x11\':\x9aD\xe7;\n\x9b\xcb:bx\xad;>\xe0\xbc=\x80&\xa6;v=\x80:s\xac+=\xa1\xd0\x06<\x9b/\x0b<\xd35\xc3<)\x06\xef;|I\x12<\x00\x04\x91;\x00\x9a\xc8;\xab\x84\x07<\xc0\'\x0f<K\xc6\x94;\x1d\xfe\xb1;\x96\x81\xb0=M\xb6,=\x85p\x99;\xf3\xf6N=\t\xb8\xbb;\xea}\xcb;\xfa\x07k<\xf7\x8f\x15<D\xdc\x15<\xdd\xba\xa7=z\x11\xbb=\xb4\x04\xb3;w\xad\xab=/\xd4\x87;`\xe2\xb7;\x90"\xa4<?\xe2\xb2=\xc26):\x17\x1a\x16=\xd4an;d\xe9 <\xd0\xd2\xc0<\xbb\xd83;\x05o\xe2;-\xf6\x93<\x9au!=\x07\xa7\xcf;M\xfb\xd5<\xe6\x91f;\xc2\xe9\x9f;\xa0\xc1W=\x13jP=\xe1\x86+;\rr==D\xe4\x8d;\x99\xcc\xdb;"\xba\x86=kX\xf0;\xd7\xe3\x147\x90\xf3\xbb<g1\xea;W\xd3\x00;X\x9cl=\x8f\x8f\xe2:BA\x12<\x9f\x9c\x83=\xf55}=\x8d0\x0b;\x87\xb7\xf1<R\xbd=:dK\xba;\x01V\x9a=.z\xe5:\xb6O\xaa;\x1cp\x82=\x92n\x15=p\x86$;\x1a\xb2H=\xcd<\x198\xa9S\xf2;(\xdf`=\'\x95p<\xe9\xf2r;g\x96&<k|\xa9:.\x1aF;30\xb4;f\'x;f\x9b\xad;\x1f;\xbe=Z;\x1f<]\x1b\xf5;Z0+<\xe4I!<\xd9:\xce;-\xae\x9c=\x9b\x9aD=Tr\xa1;\x06\xfd\xa8=\xa3\xf6o;\xb8\x0e\xa69\xdaR\x07<i\x87\xed;w\x1f\xb1;\x9a-S=\xf3Q\xdb;\x14\x8fA;\xfd\x08\xcc=\xa4(\x0f<WZ\x97;\xf3\xf6\xcb;\x9fg\xa2=*7\xad;\x1bx==M+6;\x0f\xca\x0f<\xf2Aj=,\x18!<\xfdFj;`\x02\x81=0\x1e?=i\xbb\x16<\xed\xda8=E\xc8\r<\xc5\x0e\x08<\xaf\x9a\xa3=7\xf1\xaa=\x85\x04\xe8:\x82\x06\x00=\x19w\x06;\xcfkB;\xcd\x12!<\xde\x91\xc4;2\xa5\t<\xd8\x96\xc4=\xca\xc7G=\xcd\x9e\xa1:\n\xe0\x9b=\xc0% <\xccT\xd1;z\xa7\x9d=\x81\xc0\x9a=\'0\xf1;\x04g\xcb=\x19\x87\xb4;\x9cS\x05<Z\x82\x98<}\xaa\x01;\x05t\x18<\xf2)5=k\xf2[=\x9b\xb6\x86;\x1c\xe9\xa1=yR\xa6;p5\xaf97|\xa3=\xfbn\x13=\x94?\x98;c\x90\x9d=\x8a\xe6.;\xa40\xe18\xd2\xa6j=\x9c\x99\xd2;\x12I\x1d<\x90w\xb8<\xd3=E=\xfde\x1e;@U/=\xf0\xd9\x08<\x81\x1d\x9b;\xed/T=\xf0C\x13=\x00\xf3^:z\xc63=\x9d\x9c"<\xafm\x81;\n{C=\xe66\xf9;E\xefW;2\'\xbc=\xe3\xf6\xaf=\xcf\x14\xfe;?Ss=\x85k97\xae^\x88:\xb3H?;\x97\xb9H=pW\xdf9o\xcf\xc4=\x14\xa8\x99:I\x02\x13<\xf3\xfc<=\xfdV\r<\\Dx:k\xe4K=\xa2\x02R=\xb3\x8e\xbe:3z\x98:\xfe\xaf\x14<K\xb7\xae;N\xc4\xc3=\x18hV=\x9b[\xbe;\x1d\x0c\x9b=*^\xd2;\x9c\xdes;\xcbI\x8c=)\'\xf2:\xb7w\xd7;\x00w\x15;\xa7\x197<k;\x8c:\x9a\x02h=\x86\xe2\xb1;\x8f9\x80:\x8f\xe2\xc0=\xb0\xf7T=p\xcb\xa7;?\xac\xb3=)\x94\x9f9]\x85\x8c;\xd1\xbd\x91=G\xfb|:n]<;\x85\xe5\x9d=z\xd9X<\x1f\x01\x0c<\xa7{\xa4;\n3\xaf;=\xe4\x0c<\x92\xe7\xc8=@\xbd2<;\x8e\xd3;\xc1\x1b\xb8=\x94\x0e\xa3;\xabo\xcd;:\x84|=\xf6P\xac:r\xaa\xfb;mg\xb3<mnk<\xfb, ;\x87\x9ec=\x10\x15\xad;\xdb%\x97;\x00p}9\x7f\xdd\x18=\\\xc3k9e\x13X=.6\r;\xe6\xeb\xe9;\xe0\xadc=\xb8j\x809\xa6B\xb6;\x00\xd0r<\x8eq\x9f=d\xb5\x9d;\xda\xbc\xe8<\x06\xa7\x0f<\x00,q:\x07\x05f<\xff\x88~=\xd0 \xc7;\n\xc0\xe9<\xe6\xa2\x19<\xa4\x80\xdb8;\xa1\xcb=T=\xbe;O\xf6\x11<\x03G\xf7<@\xfe\x87<\x8a4t;\xf3L\x04=p[):n\x08\xcf;\xe7\xa0\x87<o\xff\x9b=\x8e\xe8\x87;;s\x9f=\xcd\x84\xb7;\xd9\xff\x9b;}\x06\xbe<\xf9\xcc\x8a;\xc7d\xb5;\x9a\x9c\xa8;\xc3N\x16=\x8b\xc7\x16<@\x9f\xa6;\x865\x13<f\x84,:\x9a@\xa5<`T\x97=\x90d\xb0;\x13\x8en==\xfe\x17:r\xe7\x0f<\xcf\x82\x8f=\xbd\x1dU;\xd6B\x19<;\x1d\xa5=zzv=\xb7\x9b\xc0;\x88#\x0e=\xedk\xa9;Dv\xbd;\x15\x80\x14=S\x06A=)/\x01<\x07\xfc\xda<\x80H\xd0;\x97E\xab;\xddiF=b\x1a\xfa;{\xbc\xbc9_\x93O=\'\xd7`=!\xc9\x11<\xdf\x07P=\x1b\xa3\xc1;fo\xa9:\x05\x93\x06=_\xd2\xa4=\xf0\xca\r;:*\xa1<t\x04\x91;\xe0\x05\x93;7\xf5\xa8<\xcb\x87\xab;\xdb\xaa\xd5;\xd4\xb9\x9c=\xd3\x1dc<\x90\x19\x8f;\xe2\xd3\x95=3\x96\x19:\x8do\x11<\xb8\xef\x8c=\x87\xba\xaf=\x14\x96\xc9;\xc9\x83\x91=\xac\xed\xed;\xc2pm;\xe3\x94\xa4=\xc4n\x1f<\xa4(7;p\x9da=P\xf39=\xe6h\x0c;0\x13\xbc<A\x9e\x96;*b\xed;g\x83p;\x00o\x90<k\xac\xa0:\xa3!\xaf<A\xc9\x0c<\xb3U\xda:U\x18b=\x81\xde\xc5;\x07jb;\xact\x8f=\xe5u\x88=k\xa1\xf9:\xd7\xc7.=\xfb\xd4\xdd;\xcb\xd9\xb1;\xc2_n=\xac\xa7\x96=\xccA{;\x88\xf4H=\xa2E\x00<b\x9d\xae;\xd35R<\x0e\xc5\xb2;\x9ej\xb2;G\x02\x17=e\xfc\x19=i\xd2\xf1;\xc5\x90q=\xf7q\xb8;\xb8@\xad:\x82M\x1d=\xfe\xa6\xbe=>\xb8\x1c<\x9b\x1d\x83=5\xc7\x1c<\x85\xd95;\x15\x81"=@\x97\x07<\xbbg\xde;\'\xcc6<C\xbb\xcc=2\x13\xac;\xdad\xc2;W^\xd5:\n\xdcR;\x9f@T=\xa0\xa67<R\x93\x1c<*\x12\xb9=3\x00\xc2;~T\xf1;\xb5\x1a<=\xc6\xd2\xd3;x\xf7t;\xdbu{=\xf7g\xc1=\xddH\x1a<B\xf8\\=\xb4\n\x02<\x9c\xb6\x14;S\x98\x9e<V\x00\x98=\xba\xc8\x1d<\xca\xb73=Y\xb8\x88;?\xbf\x81;\x97\xae\xca=\x00x\r<\x92{\x13;\xca\xb2\xc5=s\xb8\xea;\x07\x05\x18<\x1a\xe1\xb0=J\x03v;L\xccY;\xb3\x06\x85=\x93\xaf\x9f=p\xca2;(\xc0y=\xc0\xb0\x89;\xb0\x19=; \xb3|=B\xca\x86;!f\xac;\x00J\xc9=5{\xc3=\xe4\xb9^;\x85\xaf\x07=\xeb\x91v;W4f;sMw=\x8d\xc3\x07=\n\xe7\x158\xbc]\xb7=T\xe0\x11<G\x12B:\xda&\x88=\xe9q\xd9;\x18\xbf\xc8;\x07\xc0\xdd<\x13\xa8a<\xae\xe9\xf1:\xbd\xb9\xc2=\xd8p\xe5;\xb7\xdb\x0e<\x13\x99c<\xc2\x05{=\x99\xa0`:\x93\x96\xb0=\\M\x13:\xcagi;\',s<^wI;/\xa4\xeb;(TO=C\x05\xc7=K\xcb\x96;33\x809\x9ea\xf0:X\x08#<\xc3@\x88<s:\x9c= :\x8d;\xb5,\x1f=\x94\x81\xfd:\x80A{;`Bh=\x8a\xb0\xf8;}\xa1\xc8;\xcf\x82\xc8=\x8b\xa0\xb8=ef\r<\xd0\x8f\x8a=\x07\x11\x00<f\xe3r;\x8a\x1ad=\xc7\x04\xa0<\x19\xc5\xa1;U\x8el=S\x1e\xc0;\xf0=\x17;\xdd,\x18=\xf3\xf1\x13<\xd9 \x91;\x06\xb1\xba=\xb2\x1a\xab=\x0b\x02\n<\xe3\xd9\xe2<{5k;\xe6\x92\xf0;\x93\xaa\xbc<\x9b\x04\x86=u\x11\xe8;\xd0<\xa4<\xec\x96\xfc;%\xce\x07<\x8ao\x81=\x14\xb9\xed;\x084\n<\xaek\x90=\x14\x8d\x8e=\xca\xeb\x1c<P\xd6a=3\x8b\xf78\xc3P\xfd;\x87~Q<\x0b\xdb/=\x1dH\xad;\xea\xe6k=\x0f\xad\x9e:\xa9U\xb6;d\x0b\xb4=\xb8\xa1\x9e:\nRl;\x13A\x02=B\xa0\xa7=\x85\x85\x959\xc5\x98\x9e=\xcf[\x88;\xda/\x1c<\xfa \x83<*\t\x9b<\xd7\x957:3\xb7\xd3<1\x13\x1c<\xae\xe7q8,p\x93=W\xc5F;\r\x11\x05<\xd3U\x9d=\xcb\xaaM=\xfb\xc2*;\x07\xf8n<k?\xeb:\x1d\xe1\x9b;\xcd\xa0_<u8G=\x01\x14\xa5;\xfd\x89\xc3==0\xaa:\x94\x0f0;\x1a&\xfe<G\xe9\x13:\xc5\x16,;+\xdfy=\x8d\n><\xa9\x15\x00<\xba5\x98=Y\xed@;rL\x94;\x87ZT<\x17\x15\\=\xde\xd3\xa8;\x9a\xc9f90\xbc\x1c<u\xf3\xe6;\x93\xb5X<N\xcd\xef;\x8f\x94H:S \xff<g\xec\xc5<-\xd9\x04<]9\x92=\xb8\x91\xed:y<\x81;p_3=]\xac\x91<\x97\x83\x82;\xfa\x99\xb3=.f\xf3: \xa9\xac;\x81Q\xc9=\\\x7f\xb89\xcc8\xe6;K\xc3\x02=\x9a\x9b\xf2<\x0c\x15\x1d<\xeb\xb0\xab=\xe6\xf9s;\xceh\xff;\xda!M=g\x96\xe38R\xa5\xa8:\x86R\xc7=JsL;\x13~!<\xe5\xf8B=\x06\xb8\x0b<\x14\xfd\xa7:\x1f\xbbF=G\x11\xbb==\x1a?8/Qv=\x01\xcf\xe2;7\xb6\x91;-\x81\xfd<sO\x80;f\xb2\xe9:\x83\xebD=\xa7\x14\xe7;f\xc5\xb7;\xf4\xc3\xa7=\x04\x0e\x03<GUh97\xf8\xb6=3\xd9\\<\xf4\x0f\x1d<\xe3\xc3\x83<\x85\xcf\xed:\x84\xc3\x83;\x80\x1f\xbf=\x9d\xcaZ=\x8e]\x85;7\x85\xdc<\xf2\x1b\xc3;\xd9\xf1{;\x9a\x9a\x01<\x16\xf4\x11<s\x1d\x03<3\xbb\x95<\\h\x8e=\x07\xde\xfb;\xe2[N=\x14\x91-:7x\xca;\xa8c\x14=\x82\x1b\x8d=^pL;\x82\xb3 =\x85\x81\x9c:\x12\x91\xbb;\xa0\x99\x9a<\xf0F\xc8;%\x9d\xa6;\xda\xb9R<3\xfaz<\'\xd7\xdb;*\x06\x81=\xca3\x12;\x1e>\xeb;\xdd\x8a\x82=z{\xa5<\x1c\x7f\x9b;\xab\xac\x07=\x94\xa0~;9E\x8e;g\x8d\xb9:G\nw:\xfdC\xbd;\xcd4\xb89\x89\x82\x94=\x1c\x9c\x1f<\x92\xa5>=a+I;\xa7\x1b\xd9;K\x1f\x9a=\xca)\x80<\xe5\x11\xcb;\x8fZ\xa2=y#\xbe;_\x07\x92;e\xb7\xb5=\\\x89\x18<a\x1d>;\xfda6=K\x00\x82=\x17\x04\x08<%X2=\xd8\xe1\xca;\x13~\xf4;\x97\xe8w=\xb0\x9b\x9d=\xc2;:;@9t<8\xc2\x9d;,\xc1\x1b<\xab\x7fv=r(\xea;\xe2\xd1\xd0;\xa3y1=\xd6\xb0\xc5=\x8f8\xbd;\xdbk\x10=Y\xba\xf6;\xa7\xce\x05<\xd7\xc2\xa6=\xb5\xc3D=}\xb3\xac;\x03\x87\xc5=\xf6Z\x11<\xfe`\xd5;p@\x9f=\xf9\x1d\x93;\xbb\xc4\x03;\xf2\xafS=w\x10\x89=\xeb\xd9\x81:\xbd\xda\x9b=\x12j8;R\xb7,;\xda\x1e\xfd<\xe8\xf5\x8e=@\xba\xf6;\x19@\x90=3\xc8*;\x974\xb4;\xd7\xb7\x92<f\x84\xca:\xb8\xa8\x01:\xe7\xdd\x00;E\xac.=\xcc\xb8\x00<\x80\xe5\x8c=\xe6M\xe1;\xf3\xf7\x1b;\x08&m=\xa9\xd5\x89=\xd4T\t<\xb9\n\xc4=s\x15G;\\\xcd\xbb9\xfaJL=\xf8\xbf\xfc;/l\xe3;\xc8{\xaf= p\x8e=VK\xa5;^\x9e\xa6=\x10\x91!<\xde\xb5\xeb;\x00\x17\x87;C\xff==\xafV\x0e<\xf8\xbd\x89=a\xfe\x9a:\xae\xe8\xc9:\xa7\x1fv=\x97\xa6\x82;\x02\xc3\xdd;\xb1\x04\xa8=\x98\x0e%=\xfb\x19\xa1;\xb6{\x83=\x91/\x12<\n\xb0<:\xdd\xea\\=\xf3\xdb\xe5<5\x82\xf0;x\x16\x96=v\x04.;\x05\x0b\xc5:\xfcF\xbd=\x1d\xdf\x12<\xd5\xa7\x12<\x04\x02\x81=\x9a7\xcc<G\x8b\x8c;5IN=\xc4\xa3\xb6;<m\x1e<\xf3\xf0\xb8<\xa5*\xaf=\x8fm\x01<RW\x86=\x94\xb2L;\xfb\x15\xbf;\x1b\xab\x8a=9x\xe1;\x9cW-;\x10{\xa4=\xed\xaa#=\x93\xca\x81;-\xbf\xce<\x0c\xf3\x19<\x1b\xd8\xd1;\xd3K\x02=\x9a\x02\x16<i\xc9\x9b;\xec\x8f\xcc=)5\xab:\xb0\xf0=;\x87z\x85=\xb5(m;\xe9\x0e\x8e;\xb3\x92\xd4;X\x9e\xc7=\xf8&4;v\xc6\xb3=}\x0c};=\xe0\r:\x02\x8aI=\xe5\x83\x85=R\xab\x17:\x15;\xa5=\x05\x97\x8e;\xb8C1:*\x85+=9E\xa4;\\\xb7\xe38\xb3\x1a\x0f;\'\xbeC=Ju2;\xc3\n\xc4<?1\x13<\xc2\xddx;j\xb7\x87=\x03\xe8\xac<\x0fH\xb7;\x7f\n/=G\x87|;O\xe2\xf2;\xa3w\xbf=\x99\x96\xa9;\xc2D\xcb;\xeb7\x1d=\x83*\xcb=\xc2\x95\x1f;\xb7l\xba<g\xa1\xfe;\xd5"\x08<\n\xf0r=G\x9e\xbd<N\xf7\xaf;M\xd5\\<\n\xe1\xc9:\xb8\xd6\x16;\xcd\xd0e:\xa4\x1c\x949\x80\x1b\x9a;#\x9c\x08=\xfaP\xe7<\xfb\xdd\x0c<o\xaec==\x08\xf49$v\x14<\x8a\xca\xb6<M\xb1\xb8=\xc0\xcf\x9d;m\x1b\x03=\xd2\xe5$;-\x05\xc9;\xfcD\x83=L=~;4\xb6\x11<\xef\xcc\xa0=b\xdb\xcb=\xd2\xb9);\x80,0=T.\x9e;\x96\x92\xa8;\x00b\xc5:\xbd\x0e\x10=\x84l\n<z\x84v=Z2\x1b<\x028\x0e<U\xa2?=\x07\xdbE;\x8c\xe5\n<\xffC\x86=\xaa\xff\x8d<\xf5\x7f\xbd;+\xa7%=s\x83S;\x8f\xaa\xe6:)\xba\xa8=%\xd0\xa3=J\x0f\xb6;\xd3\xb3\xa1=\x19A\x04<T.\xcc;\nE\xd0<J\x80r;@\xc5\x0f;\xe7\xda\xba=i\x1a\xa2=d\xaf\xe1;g6\xcc8\x9c\xd5\xd4;\x84\xc3\xd7;y+\x9e=\xebX"=\xb8\xe8\x839\x8b\xa7\xc4=\x1d(\xb7;wr\x1b<\x13\x0c\xca=\xe1\xf1R;\xb0G\xe6;sQ\xf1<CI\x1d=p\xdfq;\xa6&\x8c=\xb2\xb4\x12<\xae\x85*;\xe3^\xaf<mq\xa8<\xc0\xcc];\x075\xa2=\xdem\xbc;\xde\x80^;\xaf\xd5c=\x05\xd7\xa7;)\xc2T:\xf3%\x99=\x07\x15\x85=Y4\xf3;\'Xr=\xd7x\xce:W7\x96;\xab\tT=\xed\x96A<Kc\x9f;\x1e\xb7\xcc=W \xf5:3\xd0\xf0:\xd3\x08Q<\x93\xcd\x90;MD\xa0:@E\x92;|\x99\x99=\xf8\xcaa;\x9a\xfb\x9e=\xd7X\xac;\xc4\x98\x07<\x05\xcbX=\x92\x03r=\xd0\xd3\x1a<\xe0\xe0n<o\x1b\xd9;\xf6T\x16;"\xf7\x88=\x8b\x13\x94;T\xdfn;\x0bs\xbc=}z\xe9<\xe8\xe2 <\x80\x8e9<k\xb7\xb8;\x80\xd7\xf1;\xda\xa3`=\xf5\x10l=A\xba\x16<\xb7\x06\x93=x\xaa\xf1;\xe2j\xcd;\x8d>D=\x92\x97\x8f;t\x0b\x92;[\x9f\xc1={\xdf\x87=\n\xc6\x9f;(F\x02=n\xd6\xf9;\x8f\x19\xef:\xfaB\xb9<\x80\xb7P;%\x93\x81;\xc6\xf3\x94=\x8c\x89\xcf;\x99\xf9\xe08n\xbc\xb1=\xac\xaa\xd8;3\xcc{:z\xbfv<zY\xe9<.$\xb8;\xba]\x9b<\x8bH\xc2;=\xd2\xcf;\x88\xec\x9b=\x00\x1e\x0c:{@\x01;\xc7{\x99=5_\x18<\xb8\x8a\x0c:\xfd\x89\xc1=\xa9\x1cp;O\xff\xab;\x98#\x8f=?\x144=\xc0\xdbf;^\xf2\x8d=s\xa3&;\xf4,\xc9;\xbdg\xe3<\x1d\xe6J=\x03\xb2\x04<\x1at{;\xf6\x8e*:\xf5H79\xa5l\x85=\x12^\xac;R\xf2\xcb9`\x83\x02<\x1d\x87\x87=\x19\xf5\n;\xbb\xa5\xb5=\xb6\xcc,;x\x95n;\x87\xb2\x98=E\xda\xbd="\x1c\x1a<\xfa\xbb\x85=i\xd8\x84;\x0f[\xc2:\xed\x14\xb4=\x17\x0b\x02<\x97= ;_\xd7l=\xb7\rP=\xaf\x85#<\xda\x1f\x05<f\x80\xcb;\x8eu\x17<\xb3f\xb3=\xcd\xd5\x00;\xbf\x1e\x92;\x00\xce\xf3<9\xe2\x9c;\xa1\xc7\x89;O\xc6\x85=\xceF"<\x9e\xf2\xec;\x8a\xfd\xa2=\xda\x9a\x8d;\xbb\xd4\x84;*5\xc0=W\xa9\x95;\x14\xa0\xf19\xec\xba\xb1=\xfa\x13\x80<?\t\n<\xe3\xad\xa7<A\xdb\x94;Y\xd4\x80;\xac\x81\xaf=\x8dL\x12<\xb3Z\xdf:\xd5\xd8t=M\x8c\xa2<i\xee\x9f;\xd8K\xa7=\x8c\xa2O;3\x11\x1d;\xcdk\x8c;\xc8\x18\xb3=\xf5<`9U\xbe\x91=p\x9e\x19:\x1f\xfc\x0c<R\xea[=x\xdb\x10;\xf6\xf5\x90:g\xa1\xe2;\x86\xab\xb6=G\x08\x04<\xba\x876=\xbb\xbb\x1d<3\xa1\xdd;\xfc\x14\xc6=3\x04\xcb<\xadr\x8c;\'\t\x91=3\xcd#;ga\xa9;u\\\x97=c8m;\xe6\t\xa1;\xb2\xe8)=\xb3*\xa3;=>*:\x0e\x9a\xa0=/\x8f\x00<\xbe\x1c\xd4;P\xe4\xa2<d\xcf\x92=\x9d\xc3\x04<\x8d\x9a\xd2<f\xb06:\xc7\xd5\xc9;\x00$\xfc:\x99\x99\x8d8G\x1c\xe1;\xde\xa0\xc9=\xe7\xd1\x81;f\xfa\xe2:\xea\xcc:=P.\x94;.\x16\x0c;\xe7t\x8f<\x08\x14\x1d=D\x1c\xe5;z\xc2\'=b/\x1b<O~\x0f<-\xb8n=x\x9a\x88;\xd7@i:\xe0\xe2f<jj\xfd<B)\xf1;\xa7\x18a<\xbd2\x1d;\x9b\x13\xc9;4(\x9a=Rc\x04=\x9b\x88\xab;\x07{2=!8J;I4\xd4;z\'\xaa=\x01\x89\x8b;\x8dR.;\x9b\xa2\xa9=}\xaa\xad=\xe4\x81\x1d<\xf2\x1eR=\xa0x\x90;\xcb#\xfe;#\xa0\x9a=\x1b\xebq=\x90D\x01<\xdd\xd3\xce<\xeb>\xf6:\xd72::SM\xdc<&+\x05;`W\xb1;\xc7q\x9c< \x8c\x92<\xa6x\xf3;\x8dE\xc5=\x92&\xe4;{\xefC;\xaf\xbc\x8b=\xa5\xaf]=JD\xe4;\xba\x1b\x98<\xac\xc2\xf7;O\xcd\xa3;z\x14\x9c<\x97\x13J;\n?s9Z\xe0\x14=\xe2\xca\xb8=\xa1\xb9\xe3;\x8b\n\x9b=\x8aT\xb5:\xcd\x0c68\x03\xe2\x8a<\xdf.\xbc=|c\xd4;w\xb3\xac<\x85\x1f\x01:_\xb9\x15;`\xe0\xc3<u\x00\xc4:\xe98\xde;\xc8\x1e\x82=w\xa4\xc9<\xc9\xd4\xdb;\xc3h\xa7=\xd7\x8b\xce9(\x13\x11<\x90"\x9a=\xe3\x04\xbb<\x9e\xb6J;\xb3\x9b\xa1<\xae\x153;"e\xd1;M,\x14;I\xcc\xdd;\xa2\x83\x0e<\x93\x14><3`\x0b=\x02\xad\x11;S\x90\x11<\x10,\xc6;\xa4\x9a\xbf9\x07~\x14=xH:=\xe6\xf0\xc3:\x8b\xd1\xb9=\xae\x1a\xf1;WBh;\xcf\xa7\x8c=2a\x80;y\xa9\xe8;j\x8d\x04=\xe7\x80\xa8=\xcdY\x04<\xf9\xac\x8e=@)\x95;IN\xd4;\xcf\xfa\xc6=\x80\xd0@=\xf5y\xff:\x10\xc9\x1a===\xde;\xe1dB:5(\xb0=\x92_8;T\xb9\xca;\x82j\x80=4\x1d\xb0=mt\x06<c\x90W=J\x02\xb3;\x18\x85\xd9;\xf2\xc3N=S\xad\x12=\xd2\x98p;Z\xbb\xd3<\xbd\xd6~;\xb0/\xba;Y\xb3\xb2=\xd4\xc3[;T\x99\x0e;\x82\xb0\x07=\xd2\xea\x9e=\xae\t\x7f:\x1bN\x80=\xc7\x0c\xa5:\xe6Q\xbf;\x87c\x91=\x82Z\xc2=@\xd2\x89;oC?=\xd7^\x8f:f.\xea9\x00\x10w9}Q\x82;\x06\x81\x84;MQ\x95=\x0bO\x81=\nQ^:EzM=.CI;\xf5(\xdc5\x93\x1b\xb1<\x87\xaf2=\xcc$W:z\xaf\x8d=\xb4G\x12<)\x1a\xca:2h\x89=\x80\r\xc1:!+\x9e;9\xf6\xc3=\xb2\xbcF=\xf0\xdc\xa1;\x8bf\xbc=a\x94\x9a;\x90\xe6\xec;\xe0\xf6\xee<\xde\xce\xa7=\xf3\xf4\xc4;\xe3\xbd\x91<\x82\x17\xcc;B\xc6\x1a<\xb8b\r=\x97\xe2\xde;\\k\xa39\x1a\x00\xa0;\xf5\xd7m=\x87N.;/\xe1\x1e=\xae|\xcc:\x04\x92\xd0;\xb0\x93\xc0<\xc0\xb5\x06<\x06\'\x8e;\xd9\x8b\x84=R\xd6\xcb:\xa8P\x15<\xb3\xfa\x19<\x00\x05\x04:O\xf02;\xba\x14c=B!\x9d=\x16\xe8\x18<\xab\xda3=\xcc\x80\xe1;\x86\x8e\x8e;bW\xcc=\xf0\x04\xac<B\xf4\xd7;\'T\xc5=\x99\xb2\x8e:\x85\xb97:\xdb\xe7o=\xc0h>;\xc0\xc9\xa1;\xe2\x9bZ=m\xac\\=f\xdbY:Z\xb3\x07=\xd7\xaa4;\xe1\xac\xc0;C\xd2\xbc<\x0b\xb1\xa4=K\xe7\xcd;\x87\xbaC<=\xee\x03;U\xe9\xce;\x87Kn<\xd0V\xfe;\x88\x84\x08<Kt\xb9=s\xa0\x15<\\\xb6\xb3:\xdf\xd3\xca=\xcai\x14;\x14\x04\xcf9\xa4\xb6\x8e=\r\xc2\xeb;\x1c\x06\xc8;\xc8W\xb5=\xd7\x14\x89;\xfe:\xf4;X\xef\n=\xf6?\x86;\xdeZ\x14<\xb7\xfc\xae=g\x0e^9-\xfd\xaa;K\xff\xa6=#\xdcn;\xf8\xa0\xbd;p\x1d\xae<Od\x84=\x99\x85\xd39E\x97\x00=\xc1J\x13<\\\xb9\x03:\xb0\xb6X=D\xd4\xc6;=\x96\xe89g>v9s\xb5S<\xf7\x02\x15<\xad\xfbu<f`\x1c<\xf2m\x89;\x8d\xb3\xc4=\xba\xa7@<\xafr\xb5;\xabM;=\xc0\x18\x8c;\xcb\x0e\xd8;\xbb\x00\x92=\xe2\xc8\x99;B\xa0\x1c;h\x0f7=\xf7i\xc7=FQ\x02<W\xc2\xbb<"\xab"<\xc7\xf1\x01<\xed\x11\x9b=5\xc5\x8f=dB\x8c;-Q\xc8=\xa6\xcag;7W\xcc;wm\x1c=\x899\x80;x}R;dE\xae=\xe2\x1f\xa2=\x12\x95\xe2;\xe7\x1e\x1e;m\x8f\x82;{\xbe\xcb:\xda:\x82=m\x00/=\xc6\x99\x9a;\xc3<\xb3<\x82-;;4\xee\x12<\x80XT;\xdc\xd3\x86:\xf8:\x06<\xffo\xa8=\xd5\x98\xb9=D\xe1\xad;7{\x83<\xc7\x0b\x06<\xe4\xf8=;\xef\xb3\xc1=\xa9k\x9a=\x99\xdd\x9a;\x01\x03\x95=\xb3"\x1f;\x8d\xd3-;@\xb3\xe8<\x13\x1b\x19<\x1e0\x18;\x8d\xa5\x80;V\xb9\xb8=\x84\xbe\x02<\x07\x98\x84=*\x0c\x19<\xca\x9co;^X\x97=\x88\xebk=\xc5\xb6\xd3;\xf9k\x85=K\xc4\xb1;\x94\xe3\x04<\xf1\x10\x97=n5\x16<\xe3\xf3\x1b<\xact\xa4=\x16\xb9\x90=>6\xb5;\xe5\xecR=\xfd\x83\x19<p\xa5u9\x03?\xa6<\xcd \xb8<\x81\x8b\xe8;\xa0\x04R=\x00\'\xbd:2\x87\xb8;_{g=\xa9\xbd\xba:^\xd2\xfd;\xbb6\x03=\xcd\xde\x8c:\xd7\x7f\xa5;E\\\x04=\xaa\xf8\xdf;\xe6A&;\xca\x9e\xb6=sC\x96=\x8d\x9a\x8f;\xd7Qf=\xf3\x06\xbe;\xd8\xeb\xc2;s\xd2\x08<\x91\xf1\x13<\n\xb2\xfb;\xf1\xc5\xbe=3\xe8c=\xde\x16"<\x9d\xd4\xe5<\x98\xa1\x1c<\xa1\xcb\x86;\xe0\'\xef<W\x92\x14=R\xdb\t<\x03\x170=>\xa5\x1c<t\xb3\xfd;\x03\x07\x97<p\xd2\x9a;\xfe\x18\xf2;\x99\xd8\x85=\xbf\xbc\xbc=\xc7\xc6\xfe:w\'\x9c=4{\xff;k:\xe2:2\xfd~=*\xbbE=fAL;\xcf\x96\x94=\x97\xecY;k\xea\x91;wx\xb9=\xc2\xec\r<VU"<\r\xdbn<\xc0o2<\xaf\x91\x9b;\'\xcaN=;\xecN;\xbeH\xa3;Z\x01\xd1<\x1f\x102=\xe4\x9e\x97;]\xb2\x8f<-h\x11<\xb8y\x07<\xc0\xc0\x81<\xb3\x91\xfc:\x86D\x05<\xaa\xa7\xb2=\xd0\x8d\n=\xe9\xe8\x14;\xaa\x08?=\xa0\x8b\xb6;\x12\x1c\xd9;\x00N\xcc={\xec\x17=G)D:\x87\xa9\xbc=x\x9d\x92;\x1e\xa4\xc3:\xc3\x13\x89=\xc5k\x0f;\x06\x9b\xba;5\xad\x9c=\xaa}\xa9=\xd4*\xac;\xc7\xcd\x80=;I\x98;\xb0MN;\xcd$\x9e:@\xdd\xe4<\n\xf1\xec:\xf8\x7f;=g\xb2\x81;\x1eO\xcd:|\xc4\x81=\xb3\xb3\xd7;\xd7\x94\xfb;\xd7\xc2\xa1<\xdd\xbb\x8b<\x0f\xbe\x04;0XS=\x04\xcb"<u\xd6_;\xc7\x16\x17<\xfa\xd8$={\x844:jM\x85=\xee\x81\x01<i\xaa\x0f<\xed<O=\x0e\x9e\xac;=\xe1\x88:\xd3Bs=@\xb8\xe6<\x97\x19!<\x1e\x7f\xaf=."\xef:g\xd7\x8f;\x85\x05\x9e=c\xf0\xc6<\xabzg;\xb7\x14\xa2=\xb4\xba\x0e<\xc4\x10\xb8;\x00\xc7\xc5<=q\xfd:\'\x88\x05<[\x19\xae=M\xa5\x18=\x1e\xe1\xc2;e\x87\xaa=i\xf3\xa0;\xf6\xc9\xaa;O\xd7>=\xd3\x06\xba=\xf5\xb01:\xcd\xe1\xb7:n\xef\x83;\xafI\xc7;g~\x9e;\x87\xde\x06;\x12\xfb\xc0;\xf7i\x19=\xe5\xdc\xc4=\xd0\xe7\xfb;\x07\x8d\xbf=\xaf\x8b\xe4;\xef-\n<#\x15\x8f<\x83\xd3\x8d=\xf0\x1e\xee;g\xee\x8f<\xd5\x07\x1d<OC;;\x9f\xad\xb6=fF\xb57&h\xd7;X\xae\xa9=\x13\x8cu=\x9e\x1a\xe5:(\xb9\xb2=\xf6\x97\x02<3\xd3\x1d:\xcd\x86\xb4<\xcas\xb3<G\xf1\x138J\xd2\x8e<\x1b\xa2\x1b<\x80\xf6\xbb:\x87-.<\x11\xa1\x17<f\x1ee;k6\x85=:\xc4\xf1<\x04u\x0c<\xa7\xd45<\xf4}\x16<\xe2\x13\x98;\x80\xe3F=\r1\x98=\xf6\xca\xad;\xa3\x9bk=\xc7\x98F;8eY;6\xdb\xbc=Mo\xc9:\xa2t\x8f;j\x01`=\xd24\x1b=8\xf2\xac:\xa2\x97\x83=\xd41\x1e;\xcd\x8cI9\x0f\x89\x0b=Cjc=R]\x1f:\x92\xe2\x0e=\x1eu\xc88\x98v\xab;\xb7`\xc7=\xf2P\x99;\xc2\x90\';\'\x05\xd6;\xdbr\xc5=\xca\x87\x85;\xcd[>;&\'m;\xeb\x95y;Bu\xb4=-\xc7>=\xa7=\xee;\xcf\xaa\x89=\xe6\xb0o;\xea\x1d\x9c;\xb8\xbf\x92=iO\xdd;\x99P\xa0;7b\x98=\x13\x9c\xa2=\x0fs#;\x91\x16\xa3=^\x89\xf1;x\xfa\xea;\xe8\xa0\x89=\xffe\x92=\xae\x18\xbc:\x16\x03\x9e=\xd8\x00\r<\x14\xad\xfe;\xd0\xbb\xbc<\xc0w\x94;t\x7f\x02<_)e=\xb3~\xb0=w\x05\xd5;m?\t=\xf6\xbe\x0c<@B\xea;\t\x01\xb3=\x07z\x00=#\x91\xf6;\xd0\xc7\x9a<\xee\x08\xa2;\xdc\xba\x1b;!W\xc7=*\x0c!<\x00\xc1U;\xd5\xc5\x96=Y\x02\xb4=#\xcdk;\xd2g?=\xb3\x9b8;\xc4\xc6\xaa;\xe8W\xbe=j\xa9\xf2<\xaf\x19\xf8;\xca\xfd\xbc=D\x01\x1f<\xb3K\x1b<@!}<{v\x9f;\x99-(:\xc8^j=\xd0\x14\x87=Buh;\xda[\x8b;\xa1\xf7\x91;\xcc|\xde9?&\x10=\xf1z\xc8=\xb3\xa7\xda:\xb2\xc5\x9b=\xa2\xc1\x16<\xe2\xac\xe8;\x92\x9b\x8d=\x0fa\xd6:s\x0b\x97;\xa2\xb8b=\'N\xa4={\x82\xb39St0=\xca]N; \x12\xb3;\xb4\x07\xbe=\xe7\xfe\xa4=M/K;\xe0\xd1J=8\r\x0f;P\x81\n<-0c<~_\xe6;\xa9\x98X;K\xea\x85=\xcb*o=I\xc9\xd4;kM\x82=\x13y\xf7;w\x9e\xf3;\t\xd7\x95=\x00\x81\x9a:ic\xce;`l\xb0<\x9d\x02\xed;\xf0\xa6\n;`\xe3\xf5<\n5\xd49R_N;\xb39\xa8=\x0bw\xa2=K\xf5\xc8;\x99S\x83=\xc8L"<\xca\x17\xf6;\xcfq\x81=\x87\xd1|=\xff\x0e\x94;\xed]\xfc<\x0fa};\xa7l\x9e;D\xc8\xa8=\xaf\xfe\xba;p\xefZ;R\x05F=\xc0\xc3A<\xceG\xe9;3Y\xc2=\x8f`\x8b;\xe1\x0e>;\x10\x87W=\x08\x14w=N\xa8\x10<\xb5\xfe\x05=u\xa4\x08<\xadI\t<?f\x10=$&\xc7:\xa6\xb1\x0f<S\xd6\xee<@s\xb7<B\x1b\xa4:\x9b^==\xa7\x0c\x05<)\xee\x17;C\x90\x98=S\x02\x89<\xb8\x1e\xcb:\x8d\xaaG<\x92m\x1b<\xf6\xd4\xa6:\xe7a\xdb;\xcc\xb8s:\xbd\xadM;\xffa2=k\xd5S=\xa9\x11\x11<9\x85\x8b=\xa6\x90\x10<B\xefZ;\xda\xa1\xbf<-3.=o\xb4\x8c;\x876\xb0<\x0bP\xc8;\xe1~\xb5;\xbf\x1a[=\xa0\xff\xa6;W$K;\x80;c<\x08\x03j=\xbd\xd6\r<\xdd\x0c\x05==\x93:;\xf4u\xa9;z\xdb\x91<\x1b\x02h=\xdc\x0e\x8f:\x95\xe1v={\x03 <\xd7\xd9\xcc:\xc8\xee\x19=\x05n\xd2:\xa9H\x90:\xfd\xf0\xec<\xdb\xde\x92=\x88\xb3\t<t\x19\x86=k\xf5\xc6:\x1f\x98\t:Z\xe2,<:KJ<\xbbf\x9e;\x18\x82\xab=8\xab\xcb:\xbd\xbf\xec:\xab\x8e\x7f=\x86>\x1c<\xa0S\xf6;:v3<@D\xa9<\xfb\xee\x0e<?\xc6\xcb=G\x85\x96:\xa4\xf6\x9c;\xb3B}=\xa5\x00\x8f=/\xdb\x02<c?\x90<\xd7\xcf\x8c:\xe96\xe0;\x86\x82\x93=\xdc:\xdf;\x81!\x9e;ck\xfd<7\xe2)=\x06\xbc\xb5;\xdf\x19h=\xa4\xd7\xe1;B\xd9\r<Hz\xb2=\xed\x02\xcb<X\x8d\x87;\x92\xf9\x92=\xe2\xb3\xb9;\xc1"\xcb;\x10\xd4K=D\xb5\x13<\xbe\xb4\xc1;t\xba\xc7=\x1dW\xc4=\x02J\xea;\xf5\xea\r=\xee\xbd\xbc;\xfac\x08<\xb7\xca\x84=\x82\x99&=p\x10\x92;\x01f\xa5=\x8fN\x02<\xaed\x90:\x0f\x14-=\xaf\x95\xfa;G\xbc\x88;\xb5\xa6\xa6=~\\\xc4=\xa6"\x06<7\x16\x1e=\x0f~\xb3:/\xdc\xd0;\xbf#G=\'\xb7\x90=\xb8\x05\xcf:w:W=\xc7u4;)\xbbN;|\xb4\x94=G\xa4 <B\x8e\xfa:\xc7I\xa3< \xb48<\xc2\x93\x899\xb3Lb;\x99Ak;b\xce\x9a;\x07\x1dq<=\x94\x12=\x14w\x7f;)\xc0\x92=T\xfc=;\xd0H\xbf;\x9de~=3\x19\xba:\xbci\x08<\x8d\x13\xa2;3\xe7P;M\xe4\xa5:j\xbd\x99=\x9cM\xd4;&\xb6\x04;etN=En\x9a=2:\x06<\x03\xd6\xc9=dG\x16;^\x1e\xc4;\xdax\xc2<\xd7}\xc1;|\x18\xfc;\x87\x8em<\xee\r\x97=\xecG\x0f<m\x05\x02<\\ \x91:\xf4;\x9b;\x13\xc3(=\xf7\xd7\x97=\tu\xf9;d|\xa8=k\xed\xc1:\x92\xeb\x1b<\nC\xf2<\xc0\x10\x83;\x86\x1e\x9d;\xbb_\x00=\xca\xef\x08=\xf3\xc40;/\xa7 =\x00\xad\xb8;\xb9\x7f"<B\xf7\xc4=\xd5YE=\xf5\x05O;\xad\x86\xb5<\nMH:\xbd\xbd\xaf:k\\\x98=\xcc[^;@\xa2t;\x87\xf3\r<hzt=\'/\xcf;\xd5\xc0\x9a=\xc9\xb9\n<\xe1\xef\x07<\xc7kR<-\xf8\xb2<\xe1\xf3\xb8;\x93\x8bC<op\xa8;\xa2\xde\x13<\xc0\xe7K<T[\x02;\x1e\xd4\xfa:\xfaO\xbb<\xbb\xbbJ=T{\xd0;B\\\xac=\x16\xa3\xac;\xf3\x0f\xed;\xa5e\xb6=\x12\xc3\xbb=\n\xd7\xfe;\xb3}\xef<W\x1e\xe1:\xeb:\xe6;\xeb\x16"=Y\r\xe3;\x0b\xac\xef;-G\xf5<^\x04\xc2=\x1d\x0e\xac;\x8d\xe2\xfe;t\x98\x13<\x99\x1b[:M|m=M\xcc\xd8<\xbd\xf1\xf0:\'J\xf9;\x9b\xe5\xc0;I\xfb\x08<\x0b$\x89=\xe4\xc2\x04<\x85y\xb4:S\r\x8e="\xd31=3\x87@;\x01\xe8\xc3={6y;\x0b\xa4\xc1;3pb=0\x93\x9f=\xbe\xf0\xe3;\x97\xeb\xb7=\x00\xaa\x02;\x8e\xce\xb9;2\x8a:=\x9f\xcd\x90:\x97\x8d3;\xff\xaf\xb6=wRE=\xca\x8f\xdd;T\x00\x80=\xd5(\xe1;\x85{\x9a;M]\xba<M\xc0);\xed\xac\xc3;\x00\xb9\x14=\\\xc8\x1b;\xb7\xa0\x1a<\xee\xd9\x93=\xb0\xb1\x17<\xcd\x97.:\x9a\xb0d;\xfbY`=c\xd2\xe8;G\x85\xb5<\xf5 q9\x00\xcby:\xd2^\x88=\xe1\x01\xb0=\xd2)\xc4: vs<t\\\x16<\x1f\xb2\x04<\xda"\x9d;\xbeL\xed;\xfb\xaa\x92;sAE=g\xb4\xf0:k\xc8\x1a<*\xe8\xc8=4\x9a\x92;\xf0\x96\xed:\x87\xc7^<\xd7F\x88=96\x9b;\xc1u\x8d=b\xb9\r<H\x7f\x1c<.M\x8a=\x0foi;\xdei\xe7;\xd3\xce\x8f=\rP"<5#\x0b'
Traceback (most recent call last):
  File "/home/ntolley/anaconda3/envs/sbi/lib/python3.8/site-packages/distributed/protocol/pickle.py", line 75, in loads
    return pickle.loads(x)
ModuleNotFoundError: No module named 'sbi_functions'
distributed.protocol.core - CRITICAL - Failed to deserialize
Traceback (most recent call last):
  File "/home/ntolley/anaconda3/envs/sbi/lib/python3.8/site-packages/distributed/protocol/core.py", line 151, in loads
    value = _deserialize(head, fs, deserializers=deserializers)
  File "/home/ntolley/anaconda3/envs/sbi/lib/python3.8/site-packages/distributed/protocol/serialize.py", line 374, in deserialize
    return loads(header, frames)
  File "/home/ntolley/anaconda3/envs/sbi/lib/python3.8/site-packages/distributed/protocol/serialize.py", line 70, in pickle_loads
    return pickle.loads(x, buffers=buffers)
  File "/home/ntolley/anaconda3/envs/sbi/lib/python3.8/site-packages/distributed/protocol/pickle.py", line 75, in loads
    return pickle.loads(x)
ModuleNotFoundError: No module named 'sbi_functions'
distributed.core - ERROR - No module named 'sbi_functions'
Traceback (most recent call last):
  File "/home/ntolley/anaconda3/envs/sbi/lib/python3.8/site-packages/distributed/core.py", line 551, in handle_stream
    msgs = await comm.read()
  File "/home/ntolley/anaconda3/envs/sbi/lib/python3.8/site-packages/distributed/comm/tcp.py", line 212, in read
    msg = await from_frames(
  File "/home/ntolley/anaconda3/envs/sbi/lib/python3.8/site-packages/distributed/comm/utils.py", line 78, in from_frames
    res = await offload(_from_frames)
  File "/home/ntolley/anaconda3/envs/sbi/lib/python3.8/site-packages/distributed/utils.py", line 1455, in offload
    return await loop.run_in_executor(_offload_executor, lambda: fn(*args, **kwargs))
  File "/home/ntolley/anaconda3/envs/sbi/lib/python3.8/concurrent/futures/thread.py", line 57, in run
    result = self.fn(*self.args, **self.kwargs)
  File "/home/ntolley/anaconda3/envs/sbi/lib/python3.8/site-packages/distributed/utils.py", line 1455, in <lambda>
    return await loop.run_in_executor(_offload_executor, lambda: fn(*args, **kwargs))
  File "/home/ntolley/anaconda3/envs/sbi/lib/python3.8/site-packages/distributed/comm/utils.py", line 63, in _from_frames
    return protocol.loads(
  File "/home/ntolley/anaconda3/envs/sbi/lib/python3.8/site-packages/distributed/protocol/core.py", line 151, in loads
    value = _deserialize(head, fs, deserializers=deserializers)
  File "/home/ntolley/anaconda3/envs/sbi/lib/python3.8/site-packages/distributed/protocol/serialize.py", line 374, in deserialize
    return loads(header, frames)
  File "/home/ntolley/anaconda3/envs/sbi/lib/python3.8/site-packages/distributed/protocol/serialize.py", line 70, in pickle_loads
    return pickle.loads(x, buffers=buffers)
  File "/home/ntolley/anaconda3/envs/sbi/lib/python3.8/site-packages/distributed/protocol/pickle.py", line 75, in loads
    return pickle.loads(x)
ModuleNotFoundError: No module named 'sbi_functions'
distributed.worker - ERROR - No module named 'sbi_functions'
Traceback (most recent call last):
  File "/home/ntolley/anaconda3/envs/sbi/lib/python3.8/site-packages/distributed/worker.py", line 984, in handle_scheduler
    await self.handle_stream(
  File "/home/ntolley/anaconda3/envs/sbi/lib/python3.8/site-packages/distributed/core.py", line 551, in handle_stream
    msgs = await comm.read()
  File "/home/ntolley/anaconda3/envs/sbi/lib/python3.8/site-packages/distributed/comm/tcp.py", line 212, in read
    msg = await from_frames(
  File "/home/ntolley/anaconda3/envs/sbi/lib/python3.8/site-packages/distributed/comm/utils.py", line 78, in from_frames
    res = await offload(_from_frames)
  File "/home/ntolley/anaconda3/envs/sbi/lib/python3.8/site-packages/distributed/utils.py", line 1455, in offload
    return await loop.run_in_executor(_offload_executor, lambda: fn(*args, **kwargs))
  File "/home/ntolley/anaconda3/envs/sbi/lib/python3.8/concurrent/futures/thread.py", line 57, in run
    result = self.fn(*self.args, **self.kwargs)
  File "/home/ntolley/anaconda3/envs/sbi/lib/python3.8/site-packages/distributed/utils.py", line 1455, in <lambda>
    return await loop.run_in_executor(_offload_executor, lambda: fn(*args, **kwargs))
  File "/home/ntolley/anaconda3/envs/sbi/lib/python3.8/site-packages/distributed/comm/utils.py", line 63, in _from_frames
    return protocol.loads(
  File "/home/ntolley/anaconda3/envs/sbi/lib/python3.8/site-packages/distributed/protocol/core.py", line 151, in loads
    value = _deserialize(head, fs, deserializers=deserializers)
  File "/home/ntolley/anaconda3/envs/sbi/lib/python3.8/site-packages/distributed/protocol/serialize.py", line 374, in deserialize
    return loads(header, frames)
  File "/home/ntolley/anaconda3/envs/sbi/lib/python3.8/site-packages/distributed/protocol/serialize.py", line 70, in pickle_loads
    return pickle.loads(x, buffers=buffers)
  File "/home/ntolley/anaconda3/envs/sbi/lib/python3.8/site-packages/distributed/protocol/pickle.py", line 75, in loads
    return pickle.loads(x)
ModuleNotFoundError: No module named 'sbi_functions'
distributed.worker - INFO - Connection to scheduler broken.  Reconnecting...
tornado.application - ERROR - Exception in callback functools.partial(<bound method IOLoop._discard_future_result of <tornado.platform.asyncio.AsyncIOLoop object at 0x1554c9a5ba30>>, <Task finished name='Task-6' coro=<Worker.handle_scheduler() done, defined at /home/ntolley/anaconda3/envs/sbi/lib/python3.8/site-packages/distributed/worker.py:982> exception=ModuleNotFoundError("No module named 'sbi_functions'")>)
Traceback (most recent call last):
  File "/home/ntolley/anaconda3/envs/sbi/lib/python3.8/site-packages/tornado/ioloop.py", line 741, in _run_callback
    ret = callback()
  File "/home/ntolley/anaconda3/envs/sbi/lib/python3.8/site-packages/tornado/ioloop.py", line 765, in _discard_future_result
    future.result()
  File "/home/ntolley/anaconda3/envs/sbi/lib/python3.8/site-packages/distributed/worker.py", line 984, in handle_scheduler
    await self.handle_stream(
  File "/home/ntolley/anaconda3/envs/sbi/lib/python3.8/site-packages/distributed/core.py", line 551, in handle_stream
    msgs = await comm.read()
  File "/home/ntolley/anaconda3/envs/sbi/lib/python3.8/site-packages/distributed/comm/tcp.py", line 212, in read
    msg = await from_frames(
  File "/home/ntolley/anaconda3/envs/sbi/lib/python3.8/site-packages/distributed/comm/utils.py", line 78, in from_frames
    res = await offload(_from_frames)
  File "/home/ntolley/anaconda3/envs/sbi/lib/python3.8/site-packages/distributed/utils.py", line 1455, in offload
    return await loop.run_in_executor(_offload_executor, lambda: fn(*args, **kwargs))
  File "/home/ntolley/anaconda3/envs/sbi/lib/python3.8/concurrent/futures/thread.py", line 57, in run
    result = self.fn(*self.args, **self.kwargs)
  File "/home/ntolley/anaconda3/envs/sbi/lib/python3.8/site-packages/distributed/utils.py", line 1455, in <lambda>
    return await loop.run_in_executor(_offload_executor, lambda: fn(*args, **kwargs))
  File "/home/ntolley/anaconda3/envs/sbi/lib/python3.8/site-packages/distributed/comm/utils.py", line 63, in _from_frames
    return protocol.loads(
  File "/home/ntolley/anaconda3/envs/sbi/lib/python3.8/site-packages/distributed/protocol/core.py", line 151, in loads
    value = _deserialize(head, fs, deserializers=deserializers)
  File "/home/ntolley/anaconda3/envs/sbi/lib/python3.8/site-packages/distributed/protocol/serialize.py", line 374, in deserialize
    return loads(header, frames)
  File "/home/ntolley/anaconda3/envs/sbi/lib/python3.8/site-packages/distributed/protocol/serialize.py", line 70, in pickle_loads
    return pickle.loads(x, buffers=buffers)
  File "/home/ntolley/anaconda3/envs/sbi/lib/python3.8/site-packages/distributed/protocol/pickle.py", line 75, in loads
    return pickle.loads(x)
ModuleNotFoundError: No module named 'sbi_functions'
distributed.worker - INFO - -------------------------------------------------
distributed.worker - INFO -         Registered to: tcp://198.202.103.253:38409
distributed.worker - INFO - -------------------------------------------------
distributed.core - INFO - Starting established connection
slurmstepd: error: *** JOB 1208424 ON exp-1-33 CANCELLED AT 2021-02-07T08:02:28 ***
