## SLURM PROLOG ###############################################################
##    Job ID : 36666
##  Job Name : dask-worker
##  Nodelist : node1102
##      CPUs : 1
##  Mem/Node : 19456 MB
## Directory : /gpfs/home/ntolley/Jones_Lab/sbi_hnn_github/code/beta
##   Started : Sun Jan 10 14:16:57 EST 2021
###############################################################################
distributed.nanny - INFO -         Start Nanny at: 'tcp://172.20.207.2:39434'
distributed.diskutils - INFO - Found stale lock file and directory '/gpfs/home/ntolley/Jones_Lab/sbi_hnn_github/code/beta/dask-worker-space/dask-worker-space/worker-wjlyqs34', purging
distributed.diskutils - INFO - Found stale lock file and directory '/gpfs/home/ntolley/Jones_Lab/sbi_hnn_github/code/beta/dask-worker-space/dask-worker-space/worker-cy6qmrof', purging
distributed.worker - INFO -       Start worker at:   tcp://172.20.207.2:42527
distributed.worker - INFO -          Listening to:   tcp://172.20.207.2:42527
distributed.worker - INFO -          dashboard at:         172.20.207.2:46831
distributed.worker - INFO - Waiting to connect to:   tcp://172.20.209.5:45356
distributed.worker - INFO - -------------------------------------------------
distributed.worker - INFO -               Threads:                          8
distributed.worker - INFO -                Memory:                   20.00 GB
distributed.worker - INFO -       Local Directory: /gpfs/home/ntolley/Jones_Lab/sbi_hnn_github/code/beta/dask-worker-space/dask-worker-space/worker-9v_xcqfl
distributed.worker - INFO - -------------------------------------------------
distributed.worker - INFO -         Registered to:   tcp://172.20.209.5:45356
distributed.worker - INFO - -------------------------------------------------
distributed.core - INFO - Starting established connection
Warning: no DISPLAY environment variable.
--No graphics will be displayed.
distributed.core - INFO - Event loop was unresponsive in Worker for 4.26s.  This is often caused by long-running GIL-holding functions or moving large chunks of data. This can cause timeouts and instability.
distributed.worker - WARNING -  Compute Failed
Function:  execute_task
args:      ((<function run_simulator at 0x7f430002d950>, tensor([1.6128e+05, 2.2864e+02, 1.4610e+01, 1.4015e+01, 4.3480e-04, 3.9643e-05,
        2.4851e+02, 2.7870e+01, 4.7093e+00, 4.3202e-04, 2.9137e-04]), '/users/ntolley/Jones_Lab/sbi_hnn_github/data/beta/params/beta_param.param', (<class 'dict'>, [['dipole_scalefctr', (<class 'tuple'>, [60000, 200000])], ['t_evprox_1', (<class 'tuple'>, [225, 255])], ['sigma_t_evprox_1', (<class 'tuple'>, [10, 50])], ['numspikes_evprox_1', (<class 'tuple'>, [1, 20])], ['gbar_evprox_1_L2Pyr_ampa', (<class 'tuple'>, [1e-06, 0.0005])], ['gbar_evprox_1_L5Pyr_ampa', (<class 'tuple'>, [1e-06, 0.0005])], ['t_evdist_1', (<class 'tuple'>, [235, 255])], ['sigma_t_evdist_1', (<class 'tuple'>, [5, 30])], ['numspikes_evdist_1', (<class 'tuple'>, [1, 20])], ['gbar_evdist_1_L2Pyr_ampa', (<class 'tuple'>, [1e-06, 0.0005])], ['gbar_evdist_1_L5Pyr_ampa', (<class 'tuple'>, [1e-06, 0.0005])]]), 9))
kwargs:    {}
Exception: IndexError('too many indices for tensor of dimension 0')

slurmstepd: error: *** JOB 36666 ON node1102 CANCELLED AT 2021-01-10T15:17:13 DUE TO TIME LIMIT ***
