## SLURM PROLOG ###############################################################
##    Job ID : 101853
##  Job Name : dask-worker
##  Nodelist : node1108
##      CPUs : 1
##  Mem/Node : 96256 MB
## Directory : /gpfs/home/ntolley/Jones_Lab/sbi_hnn_github/code/beta
##   Started : Tue Jan 12 08:05:36 EST 2021
###############################################################################
distributed.nanny - INFO -         Start Nanny at: 'tcp://172.20.207.8:38660'
distributed.nanny - INFO -         Start Nanny at: 'tcp://172.20.207.8:43466'
distributed.nanny - INFO -         Start Nanny at: 'tcp://172.20.207.8:32799'
distributed.nanny - INFO -         Start Nanny at: 'tcp://172.20.207.8:44884'
distributed.nanny - INFO -         Start Nanny at: 'tcp://172.20.207.8:40856'
distributed.nanny - INFO -         Start Nanny at: 'tcp://172.20.207.8:33800'
distributed.nanny - INFO -         Start Nanny at: 'tcp://172.20.207.8:46384'
distributed.nanny - INFO -         Start Nanny at: 'tcp://172.20.207.8:44964'
distributed.diskutils - INFO - Found stale lock file and directory '/gpfs/home/ntolley/Jones_Lab/sbi_hnn_github/code/beta/dask-worker-space/dask-worker-space/worker-3lt2laqf', purging
distributed.diskutils - INFO - Found stale lock file and directory '/gpfs/home/ntolley/Jones_Lab/sbi_hnn_github/code/beta/dask-worker-space/dask-worker-space/worker-wm_iyle_', purging
distributed.diskutils - INFO - Found stale lock file and directory '/gpfs/home/ntolley/Jones_Lab/sbi_hnn_github/code/beta/dask-worker-space/dask-worker-space/worker-25nibr1x', purging
distributed.diskutils - INFO - Found stale lock file and directory '/gpfs/home/ntolley/Jones_Lab/sbi_hnn_github/code/beta/dask-worker-space/dask-worker-space/worker-it09140y', purging
distributed.diskutils - INFO - Found stale lock file and directory '/gpfs/home/ntolley/Jones_Lab/sbi_hnn_github/code/beta/dask-worker-space/dask-worker-space/worker-fje_muzc', purging
distributed.diskutils - INFO - Found stale lock file and directory '/gpfs/home/ntolley/Jones_Lab/sbi_hnn_github/code/beta/dask-worker-space/dask-worker-space/worker-ojhndl8l', purging
distributed.worker - INFO -       Start worker at:   tcp://172.20.207.8:39472
distributed.worker - INFO -          Listening to:   tcp://172.20.207.8:39472
distributed.worker - INFO -          dashboard at:         172.20.207.8:35275
distributed.worker - INFO - Waiting to connect to:  tcp://172.20.209.24:32831
distributed.worker - INFO - -------------------------------------------------
distributed.worker - INFO -               Threads:                          1
distributed.worker - INFO -                Memory:                   12.50 GB
distributed.worker - INFO -       Local Directory: /gpfs/home/ntolley/Jones_Lab/sbi_hnn_github/code/beta/dask-worker-space/dask-worker-space/worker-8fjhf5al
distributed.worker - INFO - -------------------------------------------------
distributed.worker - INFO -         Registered to:  tcp://172.20.209.24:32831
distributed.worker - INFO - -------------------------------------------------
distributed.core - INFO - Starting established connection
Warning: no DISPLAY environment variable.
--No graphics will be displayed.
distributed.worker - INFO -       Start worker at:   tcp://172.20.207.8:33398
distributed.worker - INFO -          Listening to:   tcp://172.20.207.8:33398
distributed.worker - INFO -          dashboard at:         172.20.207.8:37133
distributed.worker - INFO - Waiting to connect to:  tcp://172.20.209.24:32831
distributed.worker - INFO - -------------------------------------------------
distributed.worker - INFO -               Threads:                          1
distributed.worker - INFO -                Memory:                   12.50 GB
distributed.worker - INFO -       Local Directory: /gpfs/home/ntolley/Jones_Lab/sbi_hnn_github/code/beta/dask-worker-space/dask-worker-space/worker-tgf4eh5x
distributed.worker - INFO - -------------------------------------------------
distributed.worker - INFO -       Start worker at:   tcp://172.20.207.8:37266
distributed.worker - INFO -          Listening to:   tcp://172.20.207.8:37266
distributed.worker - INFO -          dashboard at:         172.20.207.8:41091
distributed.worker - INFO - Waiting to connect to:  tcp://172.20.209.24:32831
distributed.worker - INFO - -------------------------------------------------
distributed.worker - INFO -               Threads:                          1
distributed.worker - INFO -                Memory:                   12.50 GB
distributed.worker - INFO -       Local Directory: /gpfs/home/ntolley/Jones_Lab/sbi_hnn_github/code/beta/dask-worker-space/dask-worker-space/worker-ok8ozxoj
distributed.worker - INFO - -------------------------------------------------
distributed.worker - INFO -       Start worker at:   tcp://172.20.207.8:43419
distributed.worker - INFO -          Listening to:   tcp://172.20.207.8:43419
distributed.worker - INFO -          dashboard at:         172.20.207.8:35635
distributed.worker - INFO - Waiting to connect to:  tcp://172.20.209.24:32831
distributed.worker - INFO - -------------------------------------------------
distributed.worker - INFO -               Threads:                          1
distributed.worker - INFO -                Memory:                   12.50 GB
distributed.worker - INFO -       Local Directory: /gpfs/home/ntolley/Jones_Lab/sbi_hnn_github/code/beta/dask-worker-space/dask-worker-space/worker-83_h4zad
distributed.worker - INFO - -------------------------------------------------
distributed.worker - INFO -       Start worker at:   tcp://172.20.207.8:45494
distributed.worker - INFO -          Listening to:   tcp://172.20.207.8:45494
distributed.worker - INFO -          dashboard at:         172.20.207.8:36876
distributed.worker - INFO - Waiting to connect to:  tcp://172.20.209.24:32831
distributed.worker - INFO - -------------------------------------------------
distributed.worker - INFO -               Threads:                          1
distributed.worker - INFO -                Memory:                   12.50 GB
distributed.worker - INFO -       Local Directory: /gpfs/home/ntolley/Jones_Lab/sbi_hnn_github/code/beta/dask-worker-space/dask-worker-space/worker-siepand1
distributed.worker - INFO - -------------------------------------------------
distributed.worker - INFO -       Start worker at:   tcp://172.20.207.8:33304
distributed.worker - INFO -          Listening to:   tcp://172.20.207.8:33304
distributed.worker - INFO -          dashboard at:         172.20.207.8:37993
distributed.worker - INFO - Waiting to connect to:  tcp://172.20.209.24:32831
distributed.worker - INFO - -------------------------------------------------
distributed.worker - INFO -               Threads:                          1
distributed.worker - INFO -                Memory:                   12.50 GB
distributed.worker - INFO -       Local Directory: /gpfs/home/ntolley/Jones_Lab/sbi_hnn_github/code/beta/dask-worker-space/dask-worker-space/worker-9td4zt5a
distributed.worker - INFO - -------------------------------------------------
distributed.worker - INFO -         Registered to:  tcp://172.20.209.24:32831
distributed.worker - INFO - -------------------------------------------------
distributed.core - INFO - Starting established connection
distributed.worker - INFO -         Registered to:  tcp://172.20.209.24:32831
distributed.worker - INFO - -------------------------------------------------
distributed.core - INFO - Starting established connection
distributed.worker - INFO -         Registered to:  tcp://172.20.209.24:32831
distributed.worker - INFO - -------------------------------------------------
distributed.core - INFO - Starting established connection
distributed.worker - INFO -         Registered to:  tcp://172.20.209.24:32831
distributed.worker - INFO - -------------------------------------------------
distributed.core - INFO - Starting established connection
distributed.worker - INFO -         Registered to:  tcp://172.20.209.24:32831
distributed.worker - INFO - -------------------------------------------------
distributed.core - INFO - Starting established connection
distributed.worker - INFO -       Start worker at:   tcp://172.20.207.8:33480
distributed.worker - INFO -          Listening to:   tcp://172.20.207.8:33480
distributed.worker - INFO -          dashboard at:         172.20.207.8:40723
distributed.worker - INFO - Waiting to connect to:  tcp://172.20.209.24:32831
distributed.worker - INFO - -------------------------------------------------
distributed.worker - INFO -               Threads:                          1
distributed.worker - INFO -                Memory:                   12.50 GB
distributed.worker - INFO -       Local Directory: /gpfs/home/ntolley/Jones_Lab/sbi_hnn_github/code/beta/dask-worker-space/dask-worker-space/worker-d03z08xa
distributed.worker - INFO - -------------------------------------------------
distributed.worker - INFO -       Start worker at:   tcp://172.20.207.8:36961
distributed.worker - INFO -          Listening to:   tcp://172.20.207.8:36961
distributed.worker - INFO -          dashboard at:         172.20.207.8:45631
distributed.worker - INFO - Waiting to connect to:  tcp://172.20.209.24:32831
distributed.worker - INFO - -------------------------------------------------
distributed.worker - INFO -               Threads:                          1
distributed.worker - INFO -                Memory:                   12.50 GB
distributed.worker - INFO -       Local Directory: /gpfs/home/ntolley/Jones_Lab/sbi_hnn_github/code/beta/dask-worker-space/dask-worker-space/worker-ao6yz8ai
distributed.worker - INFO - -------------------------------------------------
distributed.worker - INFO -         Registered to:  tcp://172.20.209.24:32831
distributed.worker - INFO - -------------------------------------------------
distributed.core - INFO - Starting established connection
distributed.worker - INFO -         Registered to:  tcp://172.20.209.24:32831
distributed.worker - INFO - -------------------------------------------------
distributed.core - INFO - Starting established connection
Warning: no DISPLAY environment variable.
--No graphics will be displayed.
Warning: no DISPLAY environment variable.
--No graphics will be displayed.
distributed.core - INFO - Event loop was unresponsive in Worker for 4.92s.  This is often caused by long-running GIL-holding functions or moving large chunks of data. This can cause timeouts and instability.
distributed.core - INFO - Event loop was unresponsive in Worker for 41.89s.  This is often caused by long-running GIL-holding functions or moving large chunks of data. This can cause timeouts and instability.
distributed.core - INFO - Event loop was unresponsive in Worker for 42.11s.  This is often caused by long-running GIL-holding functions or moving large chunks of data. This can cause timeouts and instability.
distributed.core - INFO - Event loop was unresponsive in Worker for 48.85s.  This is often caused by long-running GIL-holding functions or moving large chunks of data. This can cause timeouts and instability.
distributed.worker - INFO - Connection to scheduler broken.  Reconnecting...
distributed.worker - INFO - Connection to scheduler broken.  Reconnecting...
distributed.worker - INFO - Connection to scheduler broken.  Reconnecting...
distributed.worker - INFO - Connection to scheduler broken.  Reconnecting...
distributed.worker - INFO - Connection to scheduler broken.  Reconnecting...
distributed.worker - INFO - Stopping worker at tcp://172.20.207.8:45494
distributed.worker - INFO - Stopping worker at tcp://172.20.207.8:33304
distributed.worker - INFO - Stopping worker at tcp://172.20.207.8:33480
distributed.worker - INFO - Stopping worker at tcp://172.20.207.8:43419
distributed.worker - INFO - Stopping worker at tcp://172.20.207.8:37266
distributed.diskutils - ERROR - Failed to remove '/gpfs/home/ntolley/Jones_Lab/sbi_hnn_github/code/beta/dask-worker-space/dask-worker-space/worker-9td4zt5a' (failed in <built-in function lstat>): [Errno 2] No such file or directory: '/gpfs/home/ntolley/Jones_Lab/sbi_hnn_github/code/beta/dask-worker-space/dask-worker-space/worker-9td4zt5a'
distributed.diskutils - ERROR - Failed to remove '/gpfs/home/ntolley/Jones_Lab/sbi_hnn_github/code/beta/dask-worker-space/dask-worker-space/worker-siepand1' (failed in <built-in function lstat>): [Errno 2] No such file or directory: '/gpfs/home/ntolley/Jones_Lab/sbi_hnn_github/code/beta/dask-worker-space/dask-worker-space/worker-siepand1'
distributed.nanny - INFO - Worker closed
distributed.nanny - INFO - Worker closed
distributed.nanny - INFO - Worker closed
distributed.nanny - INFO - Worker closed
distributed.nanny - INFO - Worker closed
distributed.nanny - INFO - Closing Nanny at 'tcp://172.20.207.8:44964'
distributed.nanny - INFO - Closing Nanny at 'tcp://172.20.207.8:43466'
distributed.nanny - INFO - Closing Nanny at 'tcp://172.20.207.8:44884'
distributed.nanny - INFO - Closing Nanny at 'tcp://172.20.207.8:33800'
distributed.nanny - INFO - Closing Nanny at 'tcp://172.20.207.8:46384'
distributed.core - INFO - Event loop was unresponsive in Worker for 38.14s.  This is often caused by long-running GIL-holding functions or moving large chunks of data. This can cause timeouts and instability.
distributed.worker - WARNING - Heartbeat to scheduler failed
tornado.application - ERROR - Exception in callback <function Worker.__init__.<locals>.<lambda> at 0x7fe6ff812710>
Traceback (most recent call last):
  File "/users/ntolley/anaconda/sbi/lib/python3.7/site-packages/tornado/ioloop.py", line 905, in _run
    return self.callback()
  File "/users/ntolley/anaconda/sbi/lib/python3.7/site-packages/distributed/worker.py", line 697, in <lambda>
    lambda: self.batched_stream.send({"op": "keep-alive"}), 60000
  File "/users/ntolley/anaconda/sbi/lib/python3.7/site-packages/distributed/batched.py", line 136, in send
    raise CommClosedError
distributed.comm.core.CommClosedError
distributed.worker - INFO - Connection to scheduler broken.  Reconnecting...
distributed.worker - INFO - Comm closed
distributed.core - INFO - Event loop was unresponsive in Worker for 37.96s.  This is often caused by long-running GIL-holding functions or moving large chunks of data. This can cause timeouts and instability.
tornado.application - ERROR - Exception in callback <function Worker.__init__.<locals>.<lambda> at 0x7fc5e091a710>
Traceback (most recent call last):
  File "/users/ntolley/anaconda/sbi/lib/python3.7/site-packages/tornado/ioloop.py", line 905, in _run
    return self.callback()
  File "/users/ntolley/anaconda/sbi/lib/python3.7/site-packages/distributed/worker.py", line 697, in <lambda>
    lambda: self.batched_stream.send({"op": "keep-alive"}), 60000
  File "/users/ntolley/anaconda/sbi/lib/python3.7/site-packages/distributed/batched.py", line 136, in send
    raise CommClosedError
distributed.comm.core.CommClosedError
distributed.worker - INFO - Connection to scheduler broken.  Reconnecting...
distributed.worker - INFO - Comm closed
distributed.core - INFO - Event loop was unresponsive in Worker for 28.03s.  This is often caused by long-running GIL-holding functions or moving large chunks of data. This can cause timeouts and instability.
distributed.worker - WARNING - Heartbeat to scheduler failed
distributed.worker - INFO - Connection to scheduler broken.  Reconnecting...
distributed.batched - INFO - Batched Comm Closed: in <closed TCP>: Stream is closed
distributed.worker - INFO - Comm closed
distributed.worker - INFO - Stopping worker at tcp://172.20.207.8:39472
distributed.diskutils - ERROR - Failed to remove '/gpfs/home/ntolley/Jones_Lab/sbi_hnn_github/code/beta/dask-worker-space/dask-worker-space/worker-8fjhf5al' (failed in <built-in function lstat>): [Errno 2] No such file or directory: '/gpfs/home/ntolley/Jones_Lab/sbi_hnn_github/code/beta/dask-worker-space/dask-worker-space/worker-8fjhf5al'
distributed.nanny - INFO - Worker closed
joblib will run over 1 jobs
Loading custom mechanism files from /users/ntolley/anaconda/sbi/lib/python3.7/site-packages/hnn_core/mod/x86_64/.libs/libnrnmech.so
Building the NEURON model
[Done]
running trial 1 on 1 cores
Simulation time: 0.05 ms...
Simulation time: 10.0 ms...
Simulation time: 20.0 ms...
Simulation time: 30.0 ms...
Simulation time: 40.0 ms...
Simulation time: 50.0 ms...
Simulation time: 60.0 ms...
Simulation time: 70.0 ms...
Simulation time: 80.0 ms...
Simulation time: 90.0 ms...
Simulation time: 100.0 ms...
Simulation time: 110.0 ms...
Simulation time: 120.0 ms...
Simulation time: 130.0 ms...
Simulation time: 140.0 ms...
Simulation time: 150.0 ms...
Simulation time: 160.0 ms...
Simulation time: 170.0 ms...
Simulation time: 180.0 ms...
Simulation time: 190.0 ms...
Simulation time: 200.0 ms...
Simulation time: 210.0 ms...
Simulation time: 220.0 ms...
Simulation time: 230.0 ms...
Simulation time: 240.0 ms...
Simulation time: 250.0 ms...
Simulation time: 260.0 ms...
Simulation time: 270.0 ms...
Simulation time: 280.0 ms...
Simulation time: 290.0 ms...
Simulation time: 300.0 ms...
Simulation time: 310.0 ms...
Simulation time: 320.0 ms...
Simulation time: 330.0 ms...
Simulation time: 340.0 ms...
Simulation time: 350.0 ms...
Simulation time: 360.0 ms...
Simulation time: 370.0 ms...
Simulation time: 380.0 ms...
Simulation time: 390.0 ms...
Simulation time: 400.0 ms...
Simulation time: 410.0 ms...
Simulation time: 420.0 ms...
Simulation time: 430.0 ms...
Simulation time: 440.0 ms...
Simulation time: 450.0 ms...
Simulation time: 460.0 ms...
Simulation time: 470.0 ms...
Simulation time: 480.0 ms...
Simulation time: 490.0 ms...
distributed.worker - INFO - Stopping worker at tcp://172.20.207.8:36961
distributed.diskutils - ERROR - Failed to remove '/gpfs/home/ntolley/Jones_Lab/sbi_hnn_github/code/beta/dask-worker-space/dask-worker-space/worker-ao6yz8ai' (failed in <built-in function lstat>): [Errno 2] No such file or directory: '/gpfs/home/ntolley/Jones_Lab/sbi_hnn_github/code/beta/dask-worker-space/dask-worker-space/worker-ao6yz8ai'
distributed.nanny - INFO - Worker closed
joblib will run over 1 jobs
Loading custom mechanism files from /users/ntolley/anaconda/sbi/lib/python3.7/site-packages/hnn_core/mod/x86_64/.libs/libnrnmech.so
Building the NEURON model
[Done]
running trial 1 on 1 cores
Simulation time: 0.05 ms...
Simulation time: 10.0 ms...
Simulation time: 20.0 ms...
Simulation time: 30.0 ms...
Simulation time: 40.0 ms...
Simulation time: 50.0 ms...
Simulation time: 60.0 ms...
Simulation time: 70.0 ms...
Simulation time: 80.0 ms...
Simulation time: 90.0 ms...
Simulation time: 100.0 ms...
Simulation time: 110.0 ms...
Simulation time: 120.0 ms...
Simulation time: 130.0 ms...
Simulation time: 140.0 ms...
Simulation time: 150.0 ms...
Simulation time: 160.0 ms...
Simulation time: 170.0 ms...
Simulation time: 180.0 ms...
Simulation time: 190.0 ms...
Simulation time: 200.0 ms...
Simulation time: 210.0 ms...
Simulation time: 220.0 ms...
Simulation time: 230.0 ms...
Simulation time: 240.0 ms...
Simulation time: 250.0 ms...
Simulation time: 260.0 ms...
Simulation time: 270.0 ms...
Simulation time: 280.0 ms...
Simulation time: 290.0 ms...
Simulation time: 300.0 ms...
Simulation time: 310.0 ms...
Simulation time: 320.0 ms...
Simulation time: 330.0 ms...
Simulation time: 340.0 ms...
Simulation time: 350.0 ms...
Simulation time: 360.0 ms...
Simulation time: 370.0 ms...
Simulation time: 380.0 ms...
Simulation time: 390.0 ms...
Simulation time: 400.0 ms...
Simulation time: 410.0 ms...
Simulation time: 420.0 ms...
Simulation time: 430.0 ms...
Simulation time: 440.0 ms...
Simulation time: 450.0 ms...
Simulation time: 460.0 ms...
Simulation time: 470.0 ms...
Simulation time: 480.0 ms...
Simulation time: 490.0 ms...
distributed.worker - INFO - Stopping worker at tcp://172.20.207.8:33398
distributed.diskutils - ERROR - Failed to remove '/gpfs/home/ntolley/Jones_Lab/sbi_hnn_github/code/beta/dask-worker-space/dask-worker-space/worker-tgf4eh5x' (failed in <built-in function lstat>): [Errno 2] No such file or directory: '/gpfs/home/ntolley/Jones_Lab/sbi_hnn_github/code/beta/dask-worker-space/dask-worker-space/worker-tgf4eh5x'
distributed.nanny - INFO - Worker closed
joblib will run over 1 jobs
Loading custom mechanism files from /users/ntolley/anaconda/sbi/lib/python3.7/site-packages/hnn_core/mod/x86_64/.libs/libnrnmech.so
Building the NEURON model
[Done]
running trial 1 on 1 cores
Simulation time: 0.05 ms...
Simulation time: 10.0 ms...
Simulation time: 20.0 ms...
Simulation time: 30.0 ms...
Simulation time: 40.0 ms...
Simulation time: 50.0 ms...
Simulation time: 60.0 ms...
Simulation time: 70.0 ms...
Simulation time: 80.0 ms...
Simulation time: 90.0 ms...
Simulation time: 100.0 ms...
Simulation time: 110.0 ms...
Simulation time: 120.0 ms...
Simulation time: 130.0 ms...
Simulation time: 140.0 ms...
Simulation time: 150.0 ms...
Simulation time: 160.0 ms...
Simulation time: 170.0 ms...
Simulation time: 180.0 ms...
Simulation time: 190.0 ms...
Simulation time: 200.0 ms...
Simulation time: 210.0 ms...
Simulation time: 220.0 ms...
Simulation time: 230.0 ms...
Simulation time: 240.0 ms...
Simulation time: 250.0 ms...
Simulation time: 260.0 ms...
Simulation time: 270.0 ms...
Simulation time: 280.0 ms...
Simulation time: 290.0 ms...
Simulation time: 300.0 ms...
Simulation time: 310.0 ms...
Simulation time: 320.0 ms...
Simulation time: 330.0 ms...
Simulation time: 340.0 ms...
Simulation time: 350.0 ms...
Simulation time: 360.0 ms...
Simulation time: 370.0 ms...
Simulation time: 380.0 ms...
Simulation time: 390.0 ms...
Simulation time: 400.0 ms...
Simulation time: 410.0 ms...
Simulation time: 420.0 ms...
Simulation time: 430.0 ms...
Simulation time: 440.0 ms...
Simulation time: 450.0 ms...
Simulation time: 460.0 ms...
Simulation time: 470.0 ms...
Simulation time: 480.0 ms...
Simulation time: 490.0 ms...
distributed.nanny - INFO - Closing Nanny at 'tcp://172.20.207.8:38660'
distributed.nanny - INFO - Closing Nanny at 'tcp://172.20.207.8:40856'
distributed.nanny - INFO - Closing Nanny at 'tcp://172.20.207.8:32799'
distributed.dask_worker - INFO - End worker
