## SLURM PROLOG ###############################################################
##    Job ID : 37495
##  Job Name : dask-worker
##  Nodelist : node1102
##      CPUs : 1
##  Mem/Node : 19456 MB
## Directory : /gpfs/home/ntolley/Jones_Lab/sbi_hnn_github/code/beta
##   Started : Sun Jan 10 16:30:15 EST 2021
###############################################################################
distributed.nanny - INFO -         Start Nanny at: 'tcp://172.20.207.2:38095'
distributed.diskutils - INFO - Found stale lock file and directory '/gpfs/home/ntolley/Jones_Lab/sbi_hnn_github/code/beta/dask-worker-space/dask-worker-space/worker-m8hcxxt2', purging
distributed.diskutils - INFO - Found stale lock file and directory '/gpfs/home/ntolley/Jones_Lab/sbi_hnn_github/code/beta/dask-worker-space/dask-worker-space/worker-7bxv08kw', purging
distributed.worker - INFO -       Start worker at:   tcp://172.20.207.2:34694
distributed.worker - INFO -          Listening to:   tcp://172.20.207.2:34694
distributed.worker - INFO -          dashboard at:         172.20.207.2:45105
distributed.worker - INFO - Waiting to connect to:   tcp://172.20.209.7:45342
distributed.worker - INFO - -------------------------------------------------
distributed.worker - INFO -               Threads:                          8
distributed.worker - INFO -                Memory:                   20.00 GB
distributed.worker - INFO -       Local Directory: /gpfs/home/ntolley/Jones_Lab/sbi_hnn_github/code/beta/dask-worker-space/dask-worker-space/worker-3j8sfjxh
distributed.worker - INFO - -------------------------------------------------
distributed.worker - INFO -         Registered to:   tcp://172.20.209.7:45342
distributed.worker - INFO - -------------------------------------------------
distributed.core - INFO - Starting established connection
Warning: no DISPLAY environment variable.
--No graphics will be displayed.
/users/ntolley/anaconda/sbi/lib/python3.7/site-packages/hnn_core/parallel_backends.py:240: UserWarning: mpi4py not installed. will run on single processor
  warn('mpi4py not installed. will run on single processor')
NEURON: gid=129 has not been set on rank 0
 near line 0
 objref hoc_obj_[2]
                   ^
        ParallelContext[0].cell(129, ...)
distributed.worker - WARNING -  Compute Failed
Function:  execute_task
args:      ((<function run_simulator at 0x7ffb55821440>, tensor([1.0577e+05, 2.5001e+02, 3.1193e+01, 8.7076e+00, 1.7881e-04, 3.0416e-04,
        2.4594e+02, 2.8053e+01, 4.7106e+00, 3.5653e-04, 3.4149e-04]), '/users/ntolley/Jones_Lab/sbi_hnn_github/data/beta/params/beta_param.param', (<class 'dict'>, [['dipole_scalefctr', (<class 'tuple'>, [60000, 200000])], ['t_evprox_1', (<class 'tuple'>, [225, 255])], ['sigma_t_evprox_1', (<class 'tuple'>, [10, 50])], ['numspikes_evprox_1', (<class 'tuple'>, [1, 20])], ['gbar_evprox_1_L2Pyr_ampa', (<class 'tuple'>, [1e-06, 0.0005])], ['gbar_evprox_1_L5Pyr_ampa', (<class 'tuple'>, [1e-06, 0.0005])], ['t_evdist_1', (<class 'tuple'>, [235, 255])], ['sigma_t_evdist_1', (<class 'tuple'>, [5, 30])], ['numspikes_evdist_1', (<class 'tuple'>, [1, 20])], ['gbar_evdist_1_L2Pyr_ampa', (<class 'tuple'>, [1e-06, 0.0005])], ['gbar_evdist_1_L5Pyr_ampa', (<class 'tuple'>, [1e-06, 0.0005])]]), 30))
kwargs:    {}
Exception: RuntimeError('hoc error')

NEURON: gid=225 has not been set on rank 0
 near line 0
 ^
        ParallelContext[0].cell(225, ...)
/users/ntolley/anaconda/sbi/lib/python3.7/site-packages/hnn_core/pyramidal.py:622: RuntimeWarning: overflow encountered in exp
  seg.gbar_ar = 1e-6 * np.exp(3e-3 * h.distance(seg.x))
distributed.worker - WARNING -  Compute Failed
Function:  execute_task
args:      ((<function run_simulator at 0x7ffb55873d40>, tensor([7.9417e+04, 2.4770e+02, 4.8415e+01, 9.2460e+00, 1.7268e-05, 3.6667e-04,
        2.4784e+02, 2.1480e+01, 4.2389e+00, 8.1626e-05, 2.5673e-04]), '/users/ntolley/Jones_Lab/sbi_hnn_github/data/beta/params/beta_param.param', (<class 'dict'>, [['dipole_scalefctr', (<class 'tuple'>, [60000, 200000])], ['t_evprox_1', (<class 'tuple'>, [225, 255])], ['sigma_t_evprox_1', (<class 'tuple'>, [10, 50])], ['numspikes_evprox_1', (<class 'tuple'>, [1, 20])], ['gbar_evprox_1_L2Pyr_ampa', (<class 'tuple'>, [1e-06, 0.0005])], ['gbar_evprox_1_L5Pyr_ampa', (<class 'tuple'>, [1e-06, 0.0005])], ['t_evdist_1', (<class 'tuple'>, [235, 255])], ['sigma_t_evdist_1', (<class 'tuple'>, [5, 30])], ['numspikes_evdist_1', (<class 'tuple'>, [1, 20])], ['gbar_evdist_1_L2Pyr_ampa', (<class 'tuple'>, [1e-06, 0.0005])], ['gbar_evdist_1_L5Pyr_ampa', (<class 'tuple'>, [1e-06, 0.0005])]]), 67))
kwargs:    {}
Exception: RuntimeError('hoc error')

distributed.worker - WARNING -  Compute Failed
Function:  execute_task
args:      ((<function run_simulator at 0x7ffb5588b0e0>, tensor([1.3445e+05, 2.3539e+02, 1.4243e+01, 5.8358e+00, 2.0788e-04, 2.9864e-04,
        2.4691e+02, 2.1008e+01, 1.6658e+00, 6.7099e-06, 4.6042e-04]), '/users/ntolley/Jones_Lab/sbi_hnn_github/data/beta/params/beta_param.param', (<class 'dict'>, [['dipole_scalefctr', (<class 'tuple'>, [60000, 200000])], ['t_evprox_1', (<class 'tuple'>, [225, 255])], ['sigma_t_evprox_1', (<class 'tuple'>, [10, 50])], ['numspikes_evprox_1', (<class 'tuple'>, [1, 20])], ['gbar_evprox_1_L2Pyr_ampa', (<class 'tuple'>, [1e-06, 0.0005])], ['gbar_evprox_1_L5Pyr_ampa', (<class 'tuple'>, [1e-06, 0.0005])], ['t_evdist_1', (<class 'tuple'>, [235, 255])], ['sigma_t_evdist_1', (<class 'tuple'>, [5, 30])], ['numspikes_evdist_1', (<class 'tuple'>, [1, 20])], ['gbar_evdist_1_L2Pyr_ampa', (<class 'tuple'>, [1e-06, 0.0005])], ['gbar_evdist_1_L5Pyr_ampa', (<class 'tuple'>, [1e-06, 0.0005])]]), 18))
kwargs:    {}
Exception: AssertionError()

distributed.worker - WARNING -  Compute Failed
Function:  execute_task
args:      ((<function run_simulator at 0x7ffb55821680>, tensor([1.7630e+05, 2.2785e+02, 4.8569e+01, 4.1200e+00, 2.7482e-04, 1.4817e-04,
        2.5239e+02, 1.6571e+01, 1.0609e+01, 3.2361e-04, 1.3432e-05]), '/users/ntolley/Jones_Lab/sbi_hnn_github/data/beta/params/beta_param.param', (<class 'dict'>, [['dipole_scalefctr', (<class 'tuple'>, [60000, 200000])], ['t_evprox_1', (<class 'tuple'>, [225, 255])], ['sigma_t_evprox_1', (<class 'tuple'>, [10, 50])], ['numspikes_evprox_1', (<class 'tuple'>, [1, 20])], ['gbar_evprox_1_L2Pyr_ampa', (<class 'tuple'>, [1e-06, 0.0005])], ['gbar_evprox_1_L5Pyr_ampa', (<class 'tuple'>, [1e-06, 0.0005])], ['t_evdist_1', (<class 'tuple'>, [235, 255])], ['sigma_t_evdist_1', (<class 'tuple'>, [5, 30])], ['numspikes_evdist_1', (<class 'tuple'>, [1, 20])], ['gbar_evdist_1_L2Pyr_ampa', (<class 'tuple'>, [1e-06, 0.0005])], ['gbar_evdist_1_L5Pyr_ampa', (<class 'tuple'>, [1e-06, 0.0005])]]), 69))
kwargs:    {}
Exception: AssertionError()

NEURON: gid 56 owned by 0 but no associated cell
 near line 0
 ^
        ParallelContext[0].gid_connect(56, ...)
distributed.worker - WARNING -  Compute Failed
Function:  execute_task
args:      ((<function run_simulator at 0x7ffb5588b950>, tensor([1.4069e+05, 2.4467e+02, 3.2021e+01, 1.6371e+01, 3.0665e-04, 3.3914e-04,
        2.5426e+02, 2.1581e+01, 1.8646e+01, 1.2257e-04, 7.5387e-05]), '/users/ntolley/Jones_Lab/sbi_hnn_github/data/beta/params/beta_param.param', (<class 'dict'>, [['dipole_scalefctr', (<class 'tuple'>, [60000, 200000])], ['t_evprox_1', (<class 'tuple'>, [225, 255])], ['sigma_t_evprox_1', (<class 'tuple'>, [10, 50])], ['numspikes_evprox_1', (<class 'tuple'>, [1, 20])], ['gbar_evprox_1_L2Pyr_ampa', (<class 'tuple'>, [1e-06, 0.0005])], ['gbar_evprox_1_L5Pyr_ampa', (<class 'tuple'>, [1e-06, 0.0005])], ['t_evdist_1', (<class 'tuple'>, [235, 255])], ['sigma_t_evdist_1', (<class 'tuple'>, [5, 30])], ['numspikes_evdist_1', (<class 'tuple'>, [1, 20])], ['gbar_evdist_1_L2Pyr_ampa', (<class 'tuple'>, [1e-06, 0.0005])], ['gbar_evdist_1_L5Pyr_ampa', (<class 'tuple'>, [1e-06, 0.0005])]]), 34))
kwargs:    {}
Exception: RuntimeError('hoc error')

NEURON: gid=251 has not been set on rank 0
 near line 0
 ^
        ParallelContext[0].cell(251, ...)
distributed.worker - WARNING -  Compute Failed
Function:  execute_task
args:      ((<function run_simulator at 0x7ffb5587ca70>, tensor([1.6354e+05, 2.4976e+02, 2.3793e+01, 4.2481e+00, 2.4570e-04, 1.2599e-04,
        2.5210e+02, 1.9248e+01, 1.7386e+01, 4.0763e-04, 4.0082e-04]), '/users/ntolley/Jones_Lab/sbi_hnn_github/data/beta/params/beta_param.param', (<class 'dict'>, [['dipole_scalefctr', (<class 'tuple'>, [60000, 200000])], ['t_evprox_1', (<class 'tuple'>, [225, 255])], ['sigma_t_evprox_1', (<class 'tuple'>, [10, 50])], ['numspikes_evprox_1', (<class 'tuple'>, [1, 20])], ['gbar_evprox_1_L2Pyr_ampa', (<class 'tuple'>, [1e-06, 0.0005])], ['gbar_evprox_1_L5Pyr_ampa', (<class 'tuple'>, [1e-06, 0.0005])], ['t_evdist_1', (<class 'tuple'>, [235, 255])], ['sigma_t_evdist_1', (<class 'tuple'>, [5, 30])], ['numspikes_evdist_1', (<class 'tuple'>, [1, 20])], ['gbar_evdist_1_L2Pyr_ampa', (<class 'tuple'>, [1e-06, 0.0005])], ['gbar_evdist_1_L5Pyr_ampa', (<class 'tuple'>, [1e-06, 0.0005])]]), 51))
kwargs:    {}
Exception: RuntimeError('hoc error')

distributed.worker - WARNING -  Compute Failed
Function:  execute_task
args:      ((<function run_simulator at 0x7ffb558210e0>, tensor([1.4772e+05, 2.2621e+02, 4.4434e+01, 1.3748e+01, 4.0271e-04, 1.9624e-04,
        2.5397e+02, 1.2178e+01, 4.6832e+00, 4.5421e-04, 3.8033e-04]), '/users/ntolley/Jones_Lab/sbi_hnn_github/data/beta/params/beta_param.param', (<class 'dict'>, [['dipole_scalefctr', (<class 'tuple'>, [60000, 200000])], ['t_evprox_1', (<class 'tuple'>, [225, 255])], ['sigma_t_evprox_1', (<class 'tuple'>, [10, 50])], ['numspikes_evprox_1', (<class 'tuple'>, [1, 20])], ['gbar_evprox_1_L2Pyr_ampa', (<class 'tuple'>, [1e-06, 0.0005])], ['gbar_evprox_1_L5Pyr_ampa', (<class 'tuple'>, [1e-06, 0.0005])], ['t_evdist_1', (<class 'tuple'>, [235, 255])], ['sigma_t_evdist_1', (<class 'tuple'>, [5, 30])], ['numspikes_evdist_1', (<class 'tuple'>, [1, 20])], ['gbar_evdist_1_L2Pyr_ampa', (<class 'tuple'>, [1e-06, 0.0005])], ['gbar_evdist_1_L5Pyr_ampa', (<class 'tuple'>, [1e-06, 0.0005])]]), 72))
kwargs:    {}
Exception: AssertionError()

slurmstepd: error: *** JOB 37495 ON node1102 CANCELLED AT 2021-01-10T16:31:00 ***
