## SLURM PROLOG ###############################################################
##    Job ID : 99842
##  Job Name : dask-worker
##  Nodelist : node1126
##      CPUs : 1
##  Mem/Node : 96256 MB
## Directory : /gpfs/home/ntolley/Jones_Lab/sbi_hnn_github/code/beta
##   Started : Mon Jan 11 17:49:22 EST 2021
###############################################################################
distributed.nanny - INFO -         Start Nanny at: 'tcp://172.20.207.26:43177'
distributed.diskutils - INFO - Found stale lock file and directory '/gpfs/home/ntolley/Jones_Lab/sbi_hnn_github/code/beta/dask-worker-space/dask-worker-space/worker-zc0b7o7l', purging
distributed.worker - INFO -       Start worker at:  tcp://172.20.207.26:37886
distributed.worker - INFO -          Listening to:  tcp://172.20.207.26:37886
distributed.worker - INFO -          dashboard at:        172.20.207.26:33865
distributed.worker - INFO - Waiting to connect to:  tcp://172.20.207.51:43926
distributed.worker - INFO - -------------------------------------------------
distributed.worker - INFO -               Threads:                          8
distributed.worker - INFO -                Memory:                  100.00 GB
distributed.worker - INFO -       Local Directory: /gpfs/home/ntolley/Jones_Lab/sbi_hnn_github/code/beta/dask-worker-space/dask-worker-space/worker-j91z0lo3
distributed.worker - INFO - -------------------------------------------------
distributed.worker - INFO -         Registered to:  tcp://172.20.207.51:43926
distributed.worker - INFO - -------------------------------------------------
distributed.core - INFO - Starting established connection
Warning: no DISPLAY environment variable.
--No graphics will be displayed.
NEURON: gid 79 owned by 0 but no associated cell
 near line 0
 objref hoc_obj_[2]
                   ^
        ParallelContext[0].gid_connect(79, ...)
distributed.worker - WARNING -  Compute Failed
Function:  execute_task
args:      ((<function run_simulator at 0x7f5e5a7e7440>, tensor([1.3213e+05, 2.3405e+02, 2.9858e+01, 5.9911e+00, 3.6622e-04, 2.9865e-04,
        2.4989e+02, 5.5887e+00, 1.5941e+01, 2.5993e-04, 1.3367e-04]), '/users/ntolley/Jones_Lab/sbi_hnn_github/data/beta/params/beta_param.param', (<class 'dict'>, [['dipole_scalefctr', (<class 'tuple'>, [60000, 200000])], ['t_evprox_1', (<class 'tuple'>, [225, 255])], ['sigma_t_evprox_1', (<class 'tuple'>, [10, 50])], ['numspikes_evprox_1', (<class 'tuple'>, [1, 20])], ['gbar_evprox_1_L2Pyr_ampa', (<class 'tuple'>, [1e-06, 0.0005])], ['gbar_evprox_1_L5Pyr_ampa', (<class 'tuple'>, [1e-06, 0.0005])], ['t_evdist_1', (<class 'tuple'>, [235, 255])], ['sigma_t_evdist_1', (<class 'tuple'>, [5, 30])], ['numspikes_evdist_1', (<class 'tuple'>, [1, 20])], ['gbar_evdist_1_L2Pyr_ampa', (<class 'tuple'>, [1e-06, 0.0005])], ['gbar_evdist_1_L5Pyr_ampa', (<class 'tuple'>, [1e-06, 0.0005])]]), 1))
kwargs:    {}
Exception: RuntimeError('hoc error')

NEURON: gid 48 owned by 0 but no associated cell
 near line 0
 ^
        ParallelContext[0].gid_connect(48, ...)
distributed.worker - WARNING -  Compute Failed
Function:  execute_task
args:      ((<function run_simulator at 0x7f5e5a7ed8c0>, tensor([1.3497e+05, 2.2797e+02, 4.7603e+01, 1.8780e+01, 8.6186e-05, 3.7321e-04,
        2.4491e+02, 2.9633e+01, 1.5494e+01, 2.9412e-04, 3.1010e-04]), '/users/ntolley/Jones_Lab/sbi_hnn_github/data/beta/params/beta_param.param', (<class 'dict'>, [['dipole_scalefctr', (<class 'tuple'>, [60000, 200000])], ['t_evprox_1', (<class 'tuple'>, [225, 255])], ['sigma_t_evprox_1', (<class 'tuple'>, [10, 50])], ['numspikes_evprox_1', (<class 'tuple'>, [1, 20])], ['gbar_evprox_1_L2Pyr_ampa', (<class 'tuple'>, [1e-06, 0.0005])], ['gbar_evprox_1_L5Pyr_ampa', (<class 'tuple'>, [1e-06, 0.0005])], ['t_evdist_1', (<class 'tuple'>, [235, 255])], ['sigma_t_evdist_1', (<class 'tuple'>, [5, 30])], ['numspikes_evdist_1', (<class 'tuple'>, [1, 20])], ['gbar_evdist_1_L2Pyr_ampa', (<class 'tuple'>, [1e-06, 0.0005])], ['gbar_evdist_1_L5Pyr_ampa', (<class 'tuple'>, [1e-06, 0.0005])]]), 2))
kwargs:    {}
Exception: RuntimeError('hoc error')

NEURON: gid 113 owned by 0 but no associated cell
 near line 0
 ^
        ParallelContext[0].gid_connect(113, ...)
NEURON: gid=234 has not been set on rank 0
 near line 0
 ^
        ParallelContext[0].cell(234, ...)
distributed.worker - WARNING -  Compute Failed
Function:  execute_task
args:      ((<function run_simulator at 0x7f5e5a7ed710>, tensor([1.8246e+05, 2.4029e+02, 1.1791e+01, 1.0862e+01, 9.7081e-05, 4.9328e-05,
        2.5404e+02, 1.1798e+01, 7.3016e+00, 2.6474e-04, 3.4299e-04]), '/users/ntolley/Jones_Lab/sbi_hnn_github/data/beta/params/beta_param.param', (<class 'dict'>, [['dipole_scalefctr', (<class 'tuple'>, [60000, 200000])], ['t_evprox_1', (<class 'tuple'>, [225, 255])], ['sigma_t_evprox_1', (<class 'tuple'>, [10, 50])], ['numspikes_evprox_1', (<class 'tuple'>, [1, 20])], ['gbar_evprox_1_L2Pyr_ampa', (<class 'tuple'>, [1e-06, 0.0005])], ['gbar_evprox_1_L5Pyr_ampa', (<class 'tuple'>, [1e-06, 0.0005])], ['t_evdist_1', (<class 'tuple'>, [235, 255])], ['sigma_t_evdist_1', (<class 'tuple'>, [5, 30])], ['numspikes_evdist_1', (<class 'tuple'>, [1, 20])], ['gbar_evdist_1_L2Pyr_ampa', (<class 'tuple'>, [1e-06, 0.0005])], ['gbar_evdist_1_L5Pyr_ampa', (<class 'tuple'>, [1e-06, 0.0005])]]), 0))
kwargs:    {}
Exception: RuntimeError('hoc error')

distributed.worker - WARNING -  Compute Failed
Function:  execute_task
args:      ((<function run_simulator at 0x7f5eadd2ca70>, tensor([1.1352e+05, 2.3631e+02, 1.0446e+01, 8.5799e+00, 3.5060e-04, 1.7183e-04,
        2.4149e+02, 6.8406e+00, 1.9538e+01, 1.0974e-04, 1.9896e-04]), '/users/ntolley/Jones_Lab/sbi_hnn_github/data/beta/params/beta_param.param', (<class 'dict'>, [['dipole_scalefctr', (<class 'tuple'>, [60000, 200000])], ['t_evprox_1', (<class 'tuple'>, [225, 255])], ['sigma_t_evprox_1', (<class 'tuple'>, [10, 50])], ['numspikes_evprox_1', (<class 'tuple'>, [1, 20])], ['gbar_evprox_1_L2Pyr_ampa', (<class 'tuple'>, [1e-06, 0.0005])], ['gbar_evprox_1_L5Pyr_ampa', (<class 'tuple'>, [1e-06, 0.0005])], ['t_evdist_1', (<class 'tuple'>, [235, 255])], ['sigma_t_evdist_1', (<class 'tuple'>, [5, 30])], ['numspikes_evdist_1', (<class 'tuple'>, [1, 20])], ['gbar_evdist_1_L2Pyr_ampa', (<class 'tuple'>, [1e-06, 0.0005])], ['gbar_evdist_1_L5Pyr_ampa', (<class 'tuple'>, [1e-06, 0.0005])]]), 3))
kwargs:    {}
Exception: RuntimeError('hoc error')

distributed.core - INFO - Event loop was unresponsive in Worker for 3.70s.  This is often caused by long-running GIL-holding functions or moving large chunks of data. This can cause timeouts and instability.
slurmstepd: error: *** JOB 99842 ON node1126 CANCELLED AT 2021-01-11T17:50:13 ***
