## SLURM PROLOG ###############################################################
##    Job ID : 100329
##  Job Name : dask-worker
##  Nodelist : node1740
##      CPUs : 1
##  Mem/Node : 10240 MB
## Directory : /gpfs/home/ntolley/Jones_Lab/sbi_hnn_github/code/beta
##   Started : Mon Jan 11 18:06:20 EST 2021
###############################################################################
distributed.nanny - INFO -         Start Nanny at: 'tcp://172.20.213.40:44856'
distributed.worker - INFO -       Start worker at:  tcp://172.20.213.40:38924
distributed.worker - INFO -          Listening to:  tcp://172.20.213.40:38924
distributed.worker - INFO -          dashboard at:        172.20.213.40:39511
distributed.worker - INFO - Waiting to connect to:  tcp://172.20.207.51:41920
distributed.worker - INFO - -------------------------------------------------
distributed.worker - INFO -               Threads:                          8
distributed.worker - INFO -                Memory:                   10.00 GB
distributed.worker - INFO -       Local Directory: /gpfs/home/ntolley/Jones_Lab/sbi_hnn_github/code/beta/dask-worker-space/dask-worker-space/worker-aub6p1on
distributed.worker - INFO - -------------------------------------------------
distributed.worker - INFO -         Registered to:  tcp://172.20.207.51:41920
distributed.worker - INFO - -------------------------------------------------
distributed.core - INFO - Starting established connection
Warning: no DISPLAY environment variable.
--No graphics will be displayed.
/users/ntolley/anaconda/sbi/lib/python3.7/site-packages/hnn_core/pyramidal.py:622: RuntimeWarning: overflow encountered in exp
  seg.gbar_ar = 1e-6 * np.exp(3e-3 * h.distance(seg.x))
distributed.worker - WARNING -  Compute Failed
Function:  execute_task
args:      ((<function run_simulator at 0x7f89b4f8a0e0>, tensor([1.4386e+05, 2.3097e+02, 2.4268e+01, 1.1046e+01, 1.3391e-04, 4.0247e-04,
        2.3836e+02, 1.8650e+01, 1.1962e+01, 7.5192e-05, 6.1760e-06]), '/users/ntolley/Jones_Lab/sbi_hnn_github/data/beta/params/beta_param.param', (<class 'dict'>, [['dipole_scalefctr', (<class 'tuple'>, [60000, 200000])], ['t_evprox_1', (<class 'tuple'>, [225, 255])], ['sigma_t_evprox_1', (<class 'tuple'>, [10, 50])], ['numspikes_evprox_1', (<class 'tuple'>, [1, 20])], ['gbar_evprox_1_L2Pyr_ampa', (<class 'tuple'>, [1e-06, 0.0005])], ['gbar_evprox_1_L5Pyr_ampa', (<class 'tuple'>, [1e-06, 0.0005])], ['t_evdist_1', (<class 'tuple'>, [235, 255])], ['sigma_t_evdist_1', (<class 'tuple'>, [5, 30])], ['numspikes_evdist_1', (<class 'tuple'>, [1, 20])], ['gbar_evdist_1_L2Pyr_ampa', (<class 'tuple'>, [1e-06, 0.0005])], ['gbar_evdist_1_L5Pyr_ampa', (<class 'tuple'>, [1e-06, 0.0005])]]), 19))
kwargs:    {}
Exception: AssertionError()

NEURON: gid 266 owned by 0 but no associated cell
 near line 0
 objref hoc_obj_[2]
                   ^
        ParallelContext[0].gid_connect(266, ...)
distributed.worker - WARNING -  Compute Failed
Function:  execute_task
args:      ((<function run_simulator at 0x7f89cf372170>, tensor([1.7266e+05, 2.3017e+02, 2.4397e+01, 7.8392e+00, 3.9662e-04, 2.3542e-04,
        2.4372e+02, 1.4834e+01, 4.7762e+00, 5.2454e-05, 3.8470e-04]), '/users/ntolley/Jones_Lab/sbi_hnn_github/data/beta/params/beta_param.param', (<class 'dict'>, [['dipole_scalefctr', (<class 'tuple'>, [60000, 200000])], ['t_evprox_1', (<class 'tuple'>, [225, 255])], ['sigma_t_evprox_1', (<class 'tuple'>, [10, 50])], ['numspikes_evprox_1', (<class 'tuple'>, [1, 20])], ['gbar_evprox_1_L2Pyr_ampa', (<class 'tuple'>, [1e-06, 0.0005])], ['gbar_evprox_1_L5Pyr_ampa', (<class 'tuple'>, [1e-06, 0.0005])], ['t_evdist_1', (<class 'tuple'>, [235, 255])], ['sigma_t_evdist_1', (<class 'tuple'>, [5, 30])], ['numspikes_evdist_1', (<class 'tuple'>, [1, 20])], ['gbar_evdist_1_L2Pyr_ampa', (<class 'tuple'>, [1e-06, 0.0005])], ['gbar_evdist_1_L5Pyr_ampa', (<class 'tuple'>, [1e-06, 0.0005])]]), 8))
kwargs:    {}
Exception: RuntimeError('hoc error')

NEURON: gid 37 owned by 0 but no associated cell
 near line 0
 ^
        ParallelContext[0].gid_connect(37, ...)
distributed.worker - WARNING -  Compute Failed
Function:  execute_task
args:      ((<function run_simulator at 0x7f89edc125f0>, tensor([1.7935e+05, 2.4106e+02, 3.7893e+01, 1.6522e+01, 4.2324e-04, 3.3461e-04,
        2.4432e+02, 1.1451e+01, 1.0237e+01, 2.6201e-04, 4.9641e-04]), '/users/ntolley/Jones_Lab/sbi_hnn_github/data/beta/params/beta_param.param', (<class 'dict'>, [['dipole_scalefctr', (<class 'tuple'>, [60000, 200000])], ['t_evprox_1', (<class 'tuple'>, [225, 255])], ['sigma_t_evprox_1', (<class 'tuple'>, [10, 50])], ['numspikes_evprox_1', (<class 'tuple'>, [1, 20])], ['gbar_evprox_1_L2Pyr_ampa', (<class 'tuple'>, [1e-06, 0.0005])], ['gbar_evprox_1_L5Pyr_ampa', (<class 'tuple'>, [1e-06, 0.0005])], ['t_evdist_1', (<class 'tuple'>, [235, 255])], ['sigma_t_evdist_1', (<class 'tuple'>, [5, 30])], ['numspikes_evdist_1', (<class 'tuple'>, [1, 20])], ['gbar_evdist_1_L2Pyr_ampa', (<class 'tuple'>, [1e-06, 0.0005])], ['gbar_evdist_1_L5Pyr_ampa', (<class 'tuple'>, [1e-06, 0.0005])]]), 17))
kwargs:    {}
Exception: RuntimeError('hoc error')

NEURON: gid=190 has not been set on rank 0
 near line 0
 ^
        ParallelContext[0].cell(190, ...)
distributed.worker - WARNING -  Compute Failed
Function:  execute_task
args:      ((<function run_simulator at 0x7f89b4f97560>, tensor([1.1277e+05, 2.4761e+02, 1.2868e+01, 5.1110e+00, 5.0518e-05, 3.1516e-04,
        2.4254e+02, 2.4228e+01, 3.0144e+00, 1.5248e-04, 3.2767e-04]), '/users/ntolley/Jones_Lab/sbi_hnn_github/data/beta/params/beta_param.param', (<class 'dict'>, [['dipole_scalefctr', (<class 'tuple'>, [60000, 200000])], ['t_evprox_1', (<class 'tuple'>, [225, 255])], ['sigma_t_evprox_1', (<class 'tuple'>, [10, 50])], ['numspikes_evprox_1', (<class 'tuple'>, [1, 20])], ['gbar_evprox_1_L2Pyr_ampa', (<class 'tuple'>, [1e-06, 0.0005])], ['gbar_evprox_1_L5Pyr_ampa', (<class 'tuple'>, [1e-06, 0.0005])], ['t_evdist_1', (<class 'tuple'>, [235, 255])], ['sigma_t_evdist_1', (<class 'tuple'>, [5, 30])], ['numspikes_evdist_1', (<class 'tuple'>, [1, 20])], ['gbar_evdist_1_L2Pyr_ampa', (<class 'tuple'>, [1e-06, 0.0005])], ['gbar_evdist_1_L5Pyr_ampa', (<class 'tuple'>, [1e-06, 0.0005])]]), 2))
kwargs:    {}
Exception: RuntimeError('hoc error')

distributed.core - INFO - Event loop was unresponsive in Worker for 3.23s.  This is often caused by long-running GIL-holding functions or moving large chunks of data. This can cause timeouts and instability.
distributed.core - INFO - Event loop was unresponsive in Worker for 6.43s.  This is often caused by long-running GIL-holding functions or moving large chunks of data. This can cause timeouts and instability.
NEURON: gid 113 owned by 0 but no associated cell
 near line 0
 ^
        ParallelContext[0].gid_connect(113, ...)
distributed.worker - WARNING -  Compute Failed
Function:  execute_task
args:      ((<function run_simulator at 0x7f89941cc320>, tensor([1.6411e+05, 2.2585e+02, 1.5802e+01, 1.9185e+01, 4.8698e-04, 4.9295e-04,
        2.4962e+02, 9.4837e+00, 1.2900e+01, 1.7193e-04, 4.3276e-05]), '/users/ntolley/Jones_Lab/sbi_hnn_github/data/beta/params/beta_param.param', (<class 'dict'>, [['dipole_scalefctr', (<class 'tuple'>, [60000, 200000])], ['t_evprox_1', (<class 'tuple'>, [225, 255])], ['sigma_t_evprox_1', (<class 'tuple'>, [10, 50])], ['numspikes_evprox_1', (<class 'tuple'>, [1, 20])], ['gbar_evprox_1_L2Pyr_ampa', (<class 'tuple'>, [1e-06, 0.0005])], ['gbar_evprox_1_L5Pyr_ampa', (<class 'tuple'>, [1e-06, 0.0005])], ['t_evdist_1', (<class 'tuple'>, [235, 255])], ['sigma_t_evdist_1', (<class 'tuple'>, [5, 30])], ['numspikes_evdist_1', (<class 'tuple'>, [1, 20])], ['gbar_evdist_1_L2Pyr_ampa', (<class 'tuple'>, [1e-06, 0.0005])], ['gbar_evdist_1_L5Pyr_ampa', (<class 'tuple'>, [1e-06, 0.0005])]]), 10))
kwargs:    {}
Exception: RuntimeError('hoc error')

distributed.core - INFO - Event loop was unresponsive in Worker for 9.63s.  This is often caused by long-running GIL-holding functions or moving large chunks of data. This can cause timeouts and instability.
slurmstepd: error: *** JOB 100329 ON node1740 CANCELLED AT 2021-01-11T18:08:44 ***
